Classic Timing Analyzer report for div_freq
Fri Sep 10 08:22:27 2021
Quartus II Version 9.0 Build 235 06/17/2009 Service Pack 2 SJ Web Edition


---------------------
; Table of Contents ;
---------------------
  1. Legal Notice
  2. Timing Analyzer Summary
  3. Timing Analyzer Settings
  4. Clock Settings Summary
  5. Parallel Compilation
  6. Clock Setup: 'clk_50MHz'
  7. tco
  8. Timing Analyzer Messages



----------------
; Legal Notice ;
----------------
Copyright (C) 1991-2009 Altera Corporation
Your use of Altera Corporation's design tools, logic functions 
and other software and tools, and its AMPP partner logic 
functions, and any output files from any of the foregoing 
(including device programming or simulation files), and any 
associated documentation or information are expressly subject 
to the terms and conditions of the Altera Program License 
Subscription Agreement, Altera MegaCore Function License 
Agreement, or other applicable license agreement, including, 
without limitation, that your use is for the sole purpose of 
programming logic devices manufactured by Altera and sold by 
Altera or its authorized distributors.  Please refer to the 
applicable agreement for further details.



+--------------------------------------------------------------------------------------------------------------------------------------------------------------+
; Timing Analyzer Summary                                                                                                                                      ;
+------------------------------+-------+---------------+----------------------------------+-----------------+----------+------------+-----------+--------------+
; Type                         ; Slack ; Required Time ; Actual Time                      ; From            ; To       ; From Clock ; To Clock  ; Failed Paths ;
+------------------------------+-------+---------------+----------------------------------+-----------------+----------+------------+-----------+--------------+
; Worst-case tco               ; N/A   ; None          ; 6.981 ns                         ; clk_1Hz_interne ; clk_1Hz  ; clk_50MHz  ; --        ; 0            ;
; Clock Setup: 'clk_50MHz'     ; N/A   ; None          ; 282.73 MHz ( period = 3.537 ns ) ; count[8]        ; count[0] ; clk_50MHz  ; clk_50MHz ; 0            ;
; Total number of failed paths ;       ;               ;                                  ;                 ;          ;            ;           ; 0            ;
+------------------------------+-------+---------------+----------------------------------+-----------------+----------+------------+-----------+--------------+


+--------------------------------------------------------------------------------------------------------------------+
; Timing Analyzer Settings                                                                                           ;
+---------------------------------------------------------------------+--------------------+------+----+-------------+
; Option                                                              ; Setting            ; From ; To ; Entity Name ;
+---------------------------------------------------------------------+--------------------+------+----+-------------+
; Device Name                                                         ; EP2C35F672C6       ;      ;    ;             ;
; Timing Models                                                       ; Final              ;      ;    ;             ;
; Default hold multicycle                                             ; Same as Multicycle ;      ;    ;             ;
; Cut paths between unrelated clock domains                           ; On                 ;      ;    ;             ;
; Cut off read during write signal paths                              ; On                 ;      ;    ;             ;
; Cut off feedback from I/O pins                                      ; On                 ;      ;    ;             ;
; Report Combined Fast/Slow Timing                                    ; Off                ;      ;    ;             ;
; Ignore Clock Settings                                               ; Off                ;      ;    ;             ;
; Analyze latches as synchronous elements                             ; On                 ;      ;    ;             ;
; Enable Recovery/Removal analysis                                    ; Off                ;      ;    ;             ;
; Enable Clock Latency                                                ; Off                ;      ;    ;             ;
; Use TimeQuest Timing Analyzer                                       ; Off                ;      ;    ;             ;
; Minimum Core Junction Temperature                                   ; 0                  ;      ;    ;             ;
; Maximum Core Junction Temperature                                   ; 85                 ;      ;    ;             ;
; Number of source nodes to report per destination node               ; 10                 ;      ;    ;             ;
; Number of destination nodes to report                               ; 10                 ;      ;    ;             ;
; Number of paths to report                                           ; 200                ;      ;    ;             ;
; Report Minimum Timing Checks                                        ; Off                ;      ;    ;             ;
; Use Fast Timing Models                                              ; Off                ;      ;    ;             ;
; Report IO Paths Separately                                          ; Off                ;      ;    ;             ;
; Perform Multicorner Analysis                                        ; On                 ;      ;    ;             ;
; Reports the worst-case path for each clock domain and analysis      ; Off                ;      ;    ;             ;
; Removes common clock path pessimism (CCPP) during slack computation ; Off                ;      ;    ;             ;
; Output I/O Timing Endpoint                                          ; Near End           ;      ;    ;             ;
+---------------------------------------------------------------------+--------------------+------+----+-------------+


+------------------------------------------------------------------------------------------------------------------------------------------------------------------------------------+
; Clock Settings Summary                                                                                                                                                             ;
+-----------------+--------------------+----------+------------------+---------------+--------------+----------+-----------------------+---------------------+--------+--------------+
; Clock Node Name ; Clock Setting Name ; Type     ; Fmax Requirement ; Early Latency ; Late Latency ; Based on ; Multiply Base Fmax by ; Divide Base Fmax by ; Offset ; Phase offset ;
+-----------------+--------------------+----------+------------------+---------------+--------------+----------+-----------------------+---------------------+--------+--------------+
; clk_50MHz       ;                    ; User Pin ; None             ; 0.000 ns      ; 0.000 ns     ; --       ; N/A                   ; N/A                 ; N/A    ;              ;
+-----------------+--------------------+----------+------------------+---------------+--------------+----------+-----------------------+---------------------+--------+--------------+


Parallel compilation was disabled, but you have multiple processors available. Enable parallel compilation to reduce compilation time.
+-------------------------------------+
; Parallel Compilation                ;
+----------------------------+--------+
; Processors                 ; Number ;
+----------------------------+--------+
; Number detected on machine ; 4      ;
; Maximum allowed            ; 1      ;
+----------------------------+--------+


+------------------------------------------------------------------------------------------------------------------------------------------------------------------------------------------------------------------------------------+
; Clock Setup: 'clk_50MHz'                                                                                                                                                                                                           ;
+-----------------------------------------+-----------------------------------------------------+-----------+-----------+------------+-----------+-----------------------------+---------------------------+-------------------------+
; Slack                                   ; Actual fmax (period)                                ; From      ; To        ; From Clock ; To Clock  ; Required Setup Relationship ; Required Longest P2P Time ; Actual Longest P2P Time ;
+-----------------------------------------+-----------------------------------------------------+-----------+-----------+------------+-----------+-----------------------------+---------------------------+-------------------------+
; N/A                                     ; 282.73 MHz ( period = 3.537 ns )                    ; count[8]  ; count[11] ; clk_50MHz  ; clk_50MHz ; None                        ; None                      ; 3.323 ns                ;
; N/A                                     ; 282.73 MHz ( period = 3.537 ns )                    ; count[8]  ; count[8]  ; clk_50MHz  ; clk_50MHz ; None                        ; None                      ; 3.323 ns                ;
; N/A                                     ; 282.73 MHz ( period = 3.537 ns )                    ; count[8]  ; count[7]  ; clk_50MHz  ; clk_50MHz ; None                        ; None                      ; 3.323 ns                ;
; N/A                                     ; 282.73 MHz ( period = 3.537 ns )                    ; count[8]  ; count[9]  ; clk_50MHz  ; clk_50MHz ; None                        ; None                      ; 3.323 ns                ;
; N/A                                     ; 282.73 MHz ( period = 3.537 ns )                    ; count[8]  ; count[10] ; clk_50MHz  ; clk_50MHz ; None                        ; None                      ; 3.323 ns                ;
; N/A                                     ; 282.73 MHz ( period = 3.537 ns )                    ; count[8]  ; count[12] ; clk_50MHz  ; clk_50MHz ; None                        ; None                      ; 3.323 ns                ;
; N/A                                     ; 282.73 MHz ( period = 3.537 ns )                    ; count[8]  ; count[6]  ; clk_50MHz  ; clk_50MHz ; None                        ; None                      ; 3.323 ns                ;
; N/A                                     ; 282.73 MHz ( period = 3.537 ns )                    ; count[8]  ; count[5]  ; clk_50MHz  ; clk_50MHz ; None                        ; None                      ; 3.323 ns                ;
; N/A                                     ; 282.73 MHz ( period = 3.537 ns )                    ; count[8]  ; count[4]  ; clk_50MHz  ; clk_50MHz ; None                        ; None                      ; 3.323 ns                ;
; N/A                                     ; 282.73 MHz ( period = 3.537 ns )                    ; count[8]  ; count[3]  ; clk_50MHz  ; clk_50MHz ; None                        ; None                      ; 3.323 ns                ;
; N/A                                     ; 282.73 MHz ( period = 3.537 ns )                    ; count[8]  ; count[2]  ; clk_50MHz  ; clk_50MHz ; None                        ; None                      ; 3.323 ns                ;
; N/A                                     ; 282.73 MHz ( period = 3.537 ns )                    ; count[8]  ; count[1]  ; clk_50MHz  ; clk_50MHz ; None                        ; None                      ; 3.323 ns                ;
; N/A                                     ; 282.73 MHz ( period = 3.537 ns )                    ; count[8]  ; count[0]  ; clk_50MHz  ; clk_50MHz ; None                        ; None                      ; 3.323 ns                ;
; N/A                                     ; 283.77 MHz ( period = 3.524 ns )                    ; count[19] ; count[11] ; clk_50MHz  ; clk_50MHz ; None                        ; None                      ; 3.299 ns                ;
; N/A                                     ; 283.77 MHz ( period = 3.524 ns )                    ; count[19] ; count[8]  ; clk_50MHz  ; clk_50MHz ; None                        ; None                      ; 3.299 ns                ;
; N/A                                     ; 283.77 MHz ( period = 3.524 ns )                    ; count[19] ; count[7]  ; clk_50MHz  ; clk_50MHz ; None                        ; None                      ; 3.299 ns                ;
; N/A                                     ; 283.77 MHz ( period = 3.524 ns )                    ; count[19] ; count[9]  ; clk_50MHz  ; clk_50MHz ; None                        ; None                      ; 3.299 ns                ;
; N/A                                     ; 283.77 MHz ( period = 3.524 ns )                    ; count[19] ; count[10] ; clk_50MHz  ; clk_50MHz ; None                        ; None                      ; 3.299 ns                ;
; N/A                                     ; 283.77 MHz ( period = 3.524 ns )                    ; count[19] ; count[12] ; clk_50MHz  ; clk_50MHz ; None                        ; None                      ; 3.299 ns                ;
; N/A                                     ; 283.77 MHz ( period = 3.524 ns )                    ; count[19] ; count[6]  ; clk_50MHz  ; clk_50MHz ; None                        ; None                      ; 3.299 ns                ;
; N/A                                     ; 283.77 MHz ( period = 3.524 ns )                    ; count[19] ; count[5]  ; clk_50MHz  ; clk_50MHz ; None                        ; None                      ; 3.299 ns                ;
; N/A                                     ; 283.77 MHz ( period = 3.524 ns )                    ; count[19] ; count[4]  ; clk_50MHz  ; clk_50MHz ; None                        ; None                      ; 3.299 ns                ;
; N/A                                     ; 283.77 MHz ( period = 3.524 ns )                    ; count[19] ; count[3]  ; clk_50MHz  ; clk_50MHz ; None                        ; None                      ; 3.299 ns                ;
; N/A                                     ; 283.77 MHz ( period = 3.524 ns )                    ; count[19] ; count[2]  ; clk_50MHz  ; clk_50MHz ; None                        ; None                      ; 3.299 ns                ;
; N/A                                     ; 283.77 MHz ( period = 3.524 ns )                    ; count[19] ; count[1]  ; clk_50MHz  ; clk_50MHz ; None                        ; None                      ; 3.299 ns                ;
; N/A                                     ; 283.77 MHz ( period = 3.524 ns )                    ; count[19] ; count[0]  ; clk_50MHz  ; clk_50MHz ; None                        ; None                      ; 3.299 ns                ;
; N/A                                     ; 286.29 MHz ( period = 3.493 ns )                    ; count[24] ; count[11] ; clk_50MHz  ; clk_50MHz ; None                        ; None                      ; 3.268 ns                ;
; N/A                                     ; 286.29 MHz ( period = 3.493 ns )                    ; count[24] ; count[8]  ; clk_50MHz  ; clk_50MHz ; None                        ; None                      ; 3.268 ns                ;
; N/A                                     ; 286.29 MHz ( period = 3.493 ns )                    ; count[24] ; count[7]  ; clk_50MHz  ; clk_50MHz ; None                        ; None                      ; 3.268 ns                ;
; N/A                                     ; 286.29 MHz ( period = 3.493 ns )                    ; count[24] ; count[9]  ; clk_50MHz  ; clk_50MHz ; None                        ; None                      ; 3.268 ns                ;
; N/A                                     ; 286.29 MHz ( period = 3.493 ns )                    ; count[24] ; count[10] ; clk_50MHz  ; clk_50MHz ; None                        ; None                      ; 3.268 ns                ;
; N/A                                     ; 286.29 MHz ( period = 3.493 ns )                    ; count[24] ; count[12] ; clk_50MHz  ; clk_50MHz ; None                        ; None                      ; 3.268 ns                ;
; N/A                                     ; 286.29 MHz ( period = 3.493 ns )                    ; count[24] ; count[6]  ; clk_50MHz  ; clk_50MHz ; None                        ; None                      ; 3.268 ns                ;
; N/A                                     ; 286.29 MHz ( period = 3.493 ns )                    ; count[24] ; count[5]  ; clk_50MHz  ; clk_50MHz ; None                        ; None                      ; 3.268 ns                ;
; N/A                                     ; 286.29 MHz ( period = 3.493 ns )                    ; count[24] ; count[4]  ; clk_50MHz  ; clk_50MHz ; None                        ; None                      ; 3.268 ns                ;
; N/A                                     ; 286.29 MHz ( period = 3.493 ns )                    ; count[24] ; count[3]  ; clk_50MHz  ; clk_50MHz ; None                        ; None                      ; 3.268 ns                ;
; N/A                                     ; 286.29 MHz ( period = 3.493 ns )                    ; count[24] ; count[2]  ; clk_50MHz  ; clk_50MHz ; None                        ; None                      ; 3.268 ns                ;
; N/A                                     ; 286.29 MHz ( period = 3.493 ns )                    ; count[24] ; count[1]  ; clk_50MHz  ; clk_50MHz ; None                        ; None                      ; 3.268 ns                ;
; N/A                                     ; 286.29 MHz ( period = 3.493 ns )                    ; count[24] ; count[0]  ; clk_50MHz  ; clk_50MHz ; None                        ; None                      ; 3.268 ns                ;
; N/A                                     ; 288.85 MHz ( period = 3.462 ns )                    ; count[10] ; count[11] ; clk_50MHz  ; clk_50MHz ; None                        ; None                      ; 3.248 ns                ;
; N/A                                     ; 288.85 MHz ( period = 3.462 ns )                    ; count[10] ; count[8]  ; clk_50MHz  ; clk_50MHz ; None                        ; None                      ; 3.248 ns                ;
; N/A                                     ; 288.85 MHz ( period = 3.462 ns )                    ; count[10] ; count[7]  ; clk_50MHz  ; clk_50MHz ; None                        ; None                      ; 3.248 ns                ;
; N/A                                     ; 288.85 MHz ( period = 3.462 ns )                    ; count[10] ; count[9]  ; clk_50MHz  ; clk_50MHz ; None                        ; None                      ; 3.248 ns                ;
; N/A                                     ; 288.85 MHz ( period = 3.462 ns )                    ; count[10] ; count[10] ; clk_50MHz  ; clk_50MHz ; None                        ; None                      ; 3.248 ns                ;
; N/A                                     ; 288.85 MHz ( period = 3.462 ns )                    ; count[10] ; count[12] ; clk_50MHz  ; clk_50MHz ; None                        ; None                      ; 3.248 ns                ;
; N/A                                     ; 288.85 MHz ( period = 3.462 ns )                    ; count[10] ; count[6]  ; clk_50MHz  ; clk_50MHz ; None                        ; None                      ; 3.248 ns                ;
; N/A                                     ; 288.85 MHz ( period = 3.462 ns )                    ; count[10] ; count[5]  ; clk_50MHz  ; clk_50MHz ; None                        ; None                      ; 3.248 ns                ;
; N/A                                     ; 288.85 MHz ( period = 3.462 ns )                    ; count[10] ; count[4]  ; clk_50MHz  ; clk_50MHz ; None                        ; None                      ; 3.248 ns                ;
; N/A                                     ; 288.85 MHz ( period = 3.462 ns )                    ; count[10] ; count[3]  ; clk_50MHz  ; clk_50MHz ; None                        ; None                      ; 3.248 ns                ;
; N/A                                     ; 288.85 MHz ( period = 3.462 ns )                    ; count[10] ; count[2]  ; clk_50MHz  ; clk_50MHz ; None                        ; None                      ; 3.248 ns                ;
; N/A                                     ; 288.85 MHz ( period = 3.462 ns )                    ; count[10] ; count[1]  ; clk_50MHz  ; clk_50MHz ; None                        ; None                      ; 3.248 ns                ;
; N/A                                     ; 288.85 MHz ( period = 3.462 ns )                    ; count[10] ; count[0]  ; clk_50MHz  ; clk_50MHz ; None                        ; None                      ; 3.248 ns                ;
; N/A                                     ; 288.93 MHz ( period = 3.461 ns )                    ; count[7]  ; count[11] ; clk_50MHz  ; clk_50MHz ; None                        ; None                      ; 3.247 ns                ;
; N/A                                     ; 288.93 MHz ( period = 3.461 ns )                    ; count[7]  ; count[8]  ; clk_50MHz  ; clk_50MHz ; None                        ; None                      ; 3.247 ns                ;
; N/A                                     ; 288.93 MHz ( period = 3.461 ns )                    ; count[7]  ; count[7]  ; clk_50MHz  ; clk_50MHz ; None                        ; None                      ; 3.247 ns                ;
; N/A                                     ; 288.93 MHz ( period = 3.461 ns )                    ; count[7]  ; count[9]  ; clk_50MHz  ; clk_50MHz ; None                        ; None                      ; 3.247 ns                ;
; N/A                                     ; 288.93 MHz ( period = 3.461 ns )                    ; count[7]  ; count[10] ; clk_50MHz  ; clk_50MHz ; None                        ; None                      ; 3.247 ns                ;
; N/A                                     ; 288.93 MHz ( period = 3.461 ns )                    ; count[7]  ; count[12] ; clk_50MHz  ; clk_50MHz ; None                        ; None                      ; 3.247 ns                ;
; N/A                                     ; 288.93 MHz ( period = 3.461 ns )                    ; count[7]  ; count[6]  ; clk_50MHz  ; clk_50MHz ; None                        ; None                      ; 3.247 ns                ;
; N/A                                     ; 288.93 MHz ( period = 3.461 ns )                    ; count[7]  ; count[5]  ; clk_50MHz  ; clk_50MHz ; None                        ; None                      ; 3.247 ns                ;
; N/A                                     ; 288.93 MHz ( period = 3.461 ns )                    ; count[7]  ; count[4]  ; clk_50MHz  ; clk_50MHz ; None                        ; None                      ; 3.247 ns                ;
; N/A                                     ; 288.93 MHz ( period = 3.461 ns )                    ; count[7]  ; count[3]  ; clk_50MHz  ; clk_50MHz ; None                        ; None                      ; 3.247 ns                ;
; N/A                                     ; 288.93 MHz ( period = 3.461 ns )                    ; count[7]  ; count[2]  ; clk_50MHz  ; clk_50MHz ; None                        ; None                      ; 3.247 ns                ;
; N/A                                     ; 288.93 MHz ( period = 3.461 ns )                    ; count[7]  ; count[1]  ; clk_50MHz  ; clk_50MHz ; None                        ; None                      ; 3.247 ns                ;
; N/A                                     ; 288.93 MHz ( period = 3.461 ns )                    ; count[7]  ; count[0]  ; clk_50MHz  ; clk_50MHz ; None                        ; None                      ; 3.247 ns                ;
; N/A                                     ; 294.90 MHz ( period = 3.391 ns )                    ; count[0]  ; count[25] ; clk_50MHz  ; clk_50MHz ; None                        ; None                      ; 3.188 ns                ;
; N/A                                     ; 295.60 MHz ( period = 3.383 ns )                    ; count[18] ; count[11] ; clk_50MHz  ; clk_50MHz ; None                        ; None                      ; 3.158 ns                ;
; N/A                                     ; 295.60 MHz ( period = 3.383 ns )                    ; count[18] ; count[8]  ; clk_50MHz  ; clk_50MHz ; None                        ; None                      ; 3.158 ns                ;
; N/A                                     ; 295.60 MHz ( period = 3.383 ns )                    ; count[18] ; count[7]  ; clk_50MHz  ; clk_50MHz ; None                        ; None                      ; 3.158 ns                ;
; N/A                                     ; 295.60 MHz ( period = 3.383 ns )                    ; count[18] ; count[9]  ; clk_50MHz  ; clk_50MHz ; None                        ; None                      ; 3.158 ns                ;
; N/A                                     ; 295.60 MHz ( period = 3.383 ns )                    ; count[18] ; count[10] ; clk_50MHz  ; clk_50MHz ; None                        ; None                      ; 3.158 ns                ;
; N/A                                     ; 295.60 MHz ( period = 3.383 ns )                    ; count[18] ; count[12] ; clk_50MHz  ; clk_50MHz ; None                        ; None                      ; 3.158 ns                ;
; N/A                                     ; 295.60 MHz ( period = 3.383 ns )                    ; count[18] ; count[6]  ; clk_50MHz  ; clk_50MHz ; None                        ; None                      ; 3.158 ns                ;
; N/A                                     ; 295.60 MHz ( period = 3.383 ns )                    ; count[18] ; count[5]  ; clk_50MHz  ; clk_50MHz ; None                        ; None                      ; 3.158 ns                ;
; N/A                                     ; 295.60 MHz ( period = 3.383 ns )                    ; count[18] ; count[4]  ; clk_50MHz  ; clk_50MHz ; None                        ; None                      ; 3.158 ns                ;
; N/A                                     ; 295.60 MHz ( period = 3.383 ns )                    ; count[18] ; count[3]  ; clk_50MHz  ; clk_50MHz ; None                        ; None                      ; 3.158 ns                ;
; N/A                                     ; 295.60 MHz ( period = 3.383 ns )                    ; count[18] ; count[2]  ; clk_50MHz  ; clk_50MHz ; None                        ; None                      ; 3.158 ns                ;
; N/A                                     ; 295.60 MHz ( period = 3.383 ns )                    ; count[18] ; count[1]  ; clk_50MHz  ; clk_50MHz ; None                        ; None                      ; 3.158 ns                ;
; N/A                                     ; 295.60 MHz ( period = 3.383 ns )                    ; count[18] ; count[0]  ; clk_50MHz  ; clk_50MHz ; None                        ; None                      ; 3.158 ns                ;
; N/A                                     ; 297.09 MHz ( period = 3.366 ns )                    ; count[9]  ; count[11] ; clk_50MHz  ; clk_50MHz ; None                        ; None                      ; 3.152 ns                ;
; N/A                                     ; 297.09 MHz ( period = 3.366 ns )                    ; count[9]  ; count[8]  ; clk_50MHz  ; clk_50MHz ; None                        ; None                      ; 3.152 ns                ;
; N/A                                     ; 297.09 MHz ( period = 3.366 ns )                    ; count[9]  ; count[7]  ; clk_50MHz  ; clk_50MHz ; None                        ; None                      ; 3.152 ns                ;
; N/A                                     ; 297.09 MHz ( period = 3.366 ns )                    ; count[9]  ; count[9]  ; clk_50MHz  ; clk_50MHz ; None                        ; None                      ; 3.152 ns                ;
; N/A                                     ; 297.09 MHz ( period = 3.366 ns )                    ; count[9]  ; count[10] ; clk_50MHz  ; clk_50MHz ; None                        ; None                      ; 3.152 ns                ;
; N/A                                     ; 297.09 MHz ( period = 3.366 ns )                    ; count[9]  ; count[12] ; clk_50MHz  ; clk_50MHz ; None                        ; None                      ; 3.152 ns                ;
; N/A                                     ; 297.09 MHz ( period = 3.366 ns )                    ; count[9]  ; count[6]  ; clk_50MHz  ; clk_50MHz ; None                        ; None                      ; 3.152 ns                ;
; N/A                                     ; 297.09 MHz ( period = 3.366 ns )                    ; count[9]  ; count[5]  ; clk_50MHz  ; clk_50MHz ; None                        ; None                      ; 3.152 ns                ;
; N/A                                     ; 297.09 MHz ( period = 3.366 ns )                    ; count[9]  ; count[4]  ; clk_50MHz  ; clk_50MHz ; None                        ; None                      ; 3.152 ns                ;
; N/A                                     ; 297.09 MHz ( period = 3.366 ns )                    ; count[9]  ; count[3]  ; clk_50MHz  ; clk_50MHz ; None                        ; None                      ; 3.152 ns                ;
; N/A                                     ; 297.09 MHz ( period = 3.366 ns )                    ; count[9]  ; count[2]  ; clk_50MHz  ; clk_50MHz ; None                        ; None                      ; 3.152 ns                ;
; N/A                                     ; 297.09 MHz ( period = 3.366 ns )                    ; count[9]  ; count[1]  ; clk_50MHz  ; clk_50MHz ; None                        ; None                      ; 3.152 ns                ;
; N/A                                     ; 297.09 MHz ( period = 3.366 ns )                    ; count[9]  ; count[0]  ; clk_50MHz  ; clk_50MHz ; None                        ; None                      ; 3.152 ns                ;
; N/A                                     ; 298.60 MHz ( period = 3.349 ns )                    ; count[13] ; count[11] ; clk_50MHz  ; clk_50MHz ; None                        ; None                      ; 3.124 ns                ;
; N/A                                     ; 298.60 MHz ( period = 3.349 ns )                    ; count[13] ; count[8]  ; clk_50MHz  ; clk_50MHz ; None                        ; None                      ; 3.124 ns                ;
; N/A                                     ; 298.60 MHz ( period = 3.349 ns )                    ; count[13] ; count[7]  ; clk_50MHz  ; clk_50MHz ; None                        ; None                      ; 3.124 ns                ;
; N/A                                     ; 298.60 MHz ( period = 3.349 ns )                    ; count[13] ; count[9]  ; clk_50MHz  ; clk_50MHz ; None                        ; None                      ; 3.124 ns                ;
; N/A                                     ; 298.60 MHz ( period = 3.349 ns )                    ; count[13] ; count[10] ; clk_50MHz  ; clk_50MHz ; None                        ; None                      ; 3.124 ns                ;
; N/A                                     ; 298.60 MHz ( period = 3.349 ns )                    ; count[13] ; count[12] ; clk_50MHz  ; clk_50MHz ; None                        ; None                      ; 3.124 ns                ;
; N/A                                     ; 298.60 MHz ( period = 3.349 ns )                    ; count[13] ; count[6]  ; clk_50MHz  ; clk_50MHz ; None                        ; None                      ; 3.124 ns                ;
; N/A                                     ; 298.60 MHz ( period = 3.349 ns )                    ; count[13] ; count[5]  ; clk_50MHz  ; clk_50MHz ; None                        ; None                      ; 3.124 ns                ;
; N/A                                     ; 298.60 MHz ( period = 3.349 ns )                    ; count[13] ; count[4]  ; clk_50MHz  ; clk_50MHz ; None                        ; None                      ; 3.124 ns                ;
; N/A                                     ; 298.60 MHz ( period = 3.349 ns )                    ; count[13] ; count[3]  ; clk_50MHz  ; clk_50MHz ; None                        ; None                      ; 3.124 ns                ;
; N/A                                     ; 298.60 MHz ( period = 3.349 ns )                    ; count[13] ; count[2]  ; clk_50MHz  ; clk_50MHz ; None                        ; None                      ; 3.124 ns                ;
; N/A                                     ; 298.60 MHz ( period = 3.349 ns )                    ; count[13] ; count[1]  ; clk_50MHz  ; clk_50MHz ; None                        ; None                      ; 3.124 ns                ;
; N/A                                     ; 298.60 MHz ( period = 3.349 ns )                    ; count[13] ; count[0]  ; clk_50MHz  ; clk_50MHz ; None                        ; None                      ; 3.124 ns                ;
; N/A                                     ; 301.20 MHz ( period = 3.320 ns )                    ; count[0]  ; count[24] ; clk_50MHz  ; clk_50MHz ; None                        ; None                      ; 3.117 ns                ;
; N/A                                     ; 303.21 MHz ( period = 3.298 ns )                    ; count[20] ; count[11] ; clk_50MHz  ; clk_50MHz ; None                        ; None                      ; 3.073 ns                ;
; N/A                                     ; 303.21 MHz ( period = 3.298 ns )                    ; count[20] ; count[8]  ; clk_50MHz  ; clk_50MHz ; None                        ; None                      ; 3.073 ns                ;
; N/A                                     ; 303.21 MHz ( period = 3.298 ns )                    ; count[20] ; count[7]  ; clk_50MHz  ; clk_50MHz ; None                        ; None                      ; 3.073 ns                ;
; N/A                                     ; 303.21 MHz ( period = 3.298 ns )                    ; count[20] ; count[9]  ; clk_50MHz  ; clk_50MHz ; None                        ; None                      ; 3.073 ns                ;
; N/A                                     ; 303.21 MHz ( period = 3.298 ns )                    ; count[20] ; count[10] ; clk_50MHz  ; clk_50MHz ; None                        ; None                      ; 3.073 ns                ;
; N/A                                     ; 303.21 MHz ( period = 3.298 ns )                    ; count[20] ; count[12] ; clk_50MHz  ; clk_50MHz ; None                        ; None                      ; 3.073 ns                ;
; N/A                                     ; 303.21 MHz ( period = 3.298 ns )                    ; count[20] ; count[6]  ; clk_50MHz  ; clk_50MHz ; None                        ; None                      ; 3.073 ns                ;
; N/A                                     ; 303.21 MHz ( period = 3.298 ns )                    ; count[20] ; count[5]  ; clk_50MHz  ; clk_50MHz ; None                        ; None                      ; 3.073 ns                ;
; N/A                                     ; 303.21 MHz ( period = 3.298 ns )                    ; count[20] ; count[4]  ; clk_50MHz  ; clk_50MHz ; None                        ; None                      ; 3.073 ns                ;
; N/A                                     ; 303.21 MHz ( period = 3.298 ns )                    ; count[20] ; count[3]  ; clk_50MHz  ; clk_50MHz ; None                        ; None                      ; 3.073 ns                ;
; N/A                                     ; 303.21 MHz ( period = 3.298 ns )                    ; count[20] ; count[2]  ; clk_50MHz  ; clk_50MHz ; None                        ; None                      ; 3.073 ns                ;
; N/A                                     ; 303.21 MHz ( period = 3.298 ns )                    ; count[20] ; count[1]  ; clk_50MHz  ; clk_50MHz ; None                        ; None                      ; 3.073 ns                ;
; N/A                                     ; 303.21 MHz ( period = 3.298 ns )                    ; count[20] ; count[0]  ; clk_50MHz  ; clk_50MHz ; None                        ; None                      ; 3.073 ns                ;
; N/A                                     ; 303.67 MHz ( period = 3.293 ns )                    ; count[12] ; count[11] ; clk_50MHz  ; clk_50MHz ; None                        ; None                      ; 3.079 ns                ;
; N/A                                     ; 303.67 MHz ( period = 3.293 ns )                    ; count[12] ; count[8]  ; clk_50MHz  ; clk_50MHz ; None                        ; None                      ; 3.079 ns                ;
; N/A                                     ; 303.67 MHz ( period = 3.293 ns )                    ; count[12] ; count[7]  ; clk_50MHz  ; clk_50MHz ; None                        ; None                      ; 3.079 ns                ;
; N/A                                     ; 303.67 MHz ( period = 3.293 ns )                    ; count[12] ; count[9]  ; clk_50MHz  ; clk_50MHz ; None                        ; None                      ; 3.079 ns                ;
; N/A                                     ; 303.67 MHz ( period = 3.293 ns )                    ; count[12] ; count[10] ; clk_50MHz  ; clk_50MHz ; None                        ; None                      ; 3.079 ns                ;
; N/A                                     ; 303.67 MHz ( period = 3.293 ns )                    ; count[12] ; count[12] ; clk_50MHz  ; clk_50MHz ; None                        ; None                      ; 3.079 ns                ;
; N/A                                     ; 303.67 MHz ( period = 3.293 ns )                    ; count[12] ; count[6]  ; clk_50MHz  ; clk_50MHz ; None                        ; None                      ; 3.079 ns                ;
; N/A                                     ; 303.67 MHz ( period = 3.293 ns )                    ; count[12] ; count[5]  ; clk_50MHz  ; clk_50MHz ; None                        ; None                      ; 3.079 ns                ;
; N/A                                     ; 303.67 MHz ( period = 3.293 ns )                    ; count[12] ; count[4]  ; clk_50MHz  ; clk_50MHz ; None                        ; None                      ; 3.079 ns                ;
; N/A                                     ; 303.67 MHz ( period = 3.293 ns )                    ; count[12] ; count[3]  ; clk_50MHz  ; clk_50MHz ; None                        ; None                      ; 3.079 ns                ;
; N/A                                     ; 303.67 MHz ( period = 3.293 ns )                    ; count[12] ; count[2]  ; clk_50MHz  ; clk_50MHz ; None                        ; None                      ; 3.079 ns                ;
; N/A                                     ; 303.67 MHz ( period = 3.293 ns )                    ; count[12] ; count[1]  ; clk_50MHz  ; clk_50MHz ; None                        ; None                      ; 3.079 ns                ;
; N/A                                     ; 303.67 MHz ( period = 3.293 ns )                    ; count[12] ; count[0]  ; clk_50MHz  ; clk_50MHz ; None                        ; None                      ; 3.079 ns                ;
; N/A                                     ; 304.32 MHz ( period = 3.286 ns )                    ; count[17] ; count[11] ; clk_50MHz  ; clk_50MHz ; None                        ; None                      ; 3.061 ns                ;
; N/A                                     ; 304.32 MHz ( period = 3.286 ns )                    ; count[17] ; count[8]  ; clk_50MHz  ; clk_50MHz ; None                        ; None                      ; 3.061 ns                ;
; N/A                                     ; 304.32 MHz ( period = 3.286 ns )                    ; count[17] ; count[7]  ; clk_50MHz  ; clk_50MHz ; None                        ; None                      ; 3.061 ns                ;
; N/A                                     ; 304.32 MHz ( period = 3.286 ns )                    ; count[17] ; count[9]  ; clk_50MHz  ; clk_50MHz ; None                        ; None                      ; 3.061 ns                ;
; N/A                                     ; 304.32 MHz ( period = 3.286 ns )                    ; count[17] ; count[10] ; clk_50MHz  ; clk_50MHz ; None                        ; None                      ; 3.061 ns                ;
; N/A                                     ; 304.32 MHz ( period = 3.286 ns )                    ; count[17] ; count[12] ; clk_50MHz  ; clk_50MHz ; None                        ; None                      ; 3.061 ns                ;
; N/A                                     ; 304.32 MHz ( period = 3.286 ns )                    ; count[17] ; count[6]  ; clk_50MHz  ; clk_50MHz ; None                        ; None                      ; 3.061 ns                ;
; N/A                                     ; 304.32 MHz ( period = 3.286 ns )                    ; count[17] ; count[5]  ; clk_50MHz  ; clk_50MHz ; None                        ; None                      ; 3.061 ns                ;
; N/A                                     ; 304.32 MHz ( period = 3.286 ns )                    ; count[17] ; count[4]  ; clk_50MHz  ; clk_50MHz ; None                        ; None                      ; 3.061 ns                ;
; N/A                                     ; 304.32 MHz ( period = 3.286 ns )                    ; count[17] ; count[3]  ; clk_50MHz  ; clk_50MHz ; None                        ; None                      ; 3.061 ns                ;
; N/A                                     ; 304.32 MHz ( period = 3.286 ns )                    ; count[17] ; count[2]  ; clk_50MHz  ; clk_50MHz ; None                        ; None                      ; 3.061 ns                ;
; N/A                                     ; 304.32 MHz ( period = 3.286 ns )                    ; count[17] ; count[1]  ; clk_50MHz  ; clk_50MHz ; None                        ; None                      ; 3.061 ns                ;
; N/A                                     ; 304.32 MHz ( period = 3.286 ns )                    ; count[17] ; count[0]  ; clk_50MHz  ; clk_50MHz ; None                        ; None                      ; 3.061 ns                ;
; N/A                                     ; 304.79 MHz ( period = 3.281 ns )                    ; count[1]  ; count[25] ; clk_50MHz  ; clk_50MHz ; None                        ; None                      ; 3.078 ns                ;
; N/A                                     ; 307.22 MHz ( period = 3.255 ns )                    ; count[11] ; count[11] ; clk_50MHz  ; clk_50MHz ; None                        ; None                      ; 3.041 ns                ;
; N/A                                     ; 307.22 MHz ( period = 3.255 ns )                    ; count[11] ; count[8]  ; clk_50MHz  ; clk_50MHz ; None                        ; None                      ; 3.041 ns                ;
; N/A                                     ; 307.22 MHz ( period = 3.255 ns )                    ; count[11] ; count[7]  ; clk_50MHz  ; clk_50MHz ; None                        ; None                      ; 3.041 ns                ;
; N/A                                     ; 307.22 MHz ( period = 3.255 ns )                    ; count[11] ; count[9]  ; clk_50MHz  ; clk_50MHz ; None                        ; None                      ; 3.041 ns                ;
; N/A                                     ; 307.22 MHz ( period = 3.255 ns )                    ; count[11] ; count[10] ; clk_50MHz  ; clk_50MHz ; None                        ; None                      ; 3.041 ns                ;
; N/A                                     ; 307.22 MHz ( period = 3.255 ns )                    ; count[11] ; count[12] ; clk_50MHz  ; clk_50MHz ; None                        ; None                      ; 3.041 ns                ;
; N/A                                     ; 307.22 MHz ( period = 3.255 ns )                    ; count[11] ; count[6]  ; clk_50MHz  ; clk_50MHz ; None                        ; None                      ; 3.041 ns                ;
; N/A                                     ; 307.22 MHz ( period = 3.255 ns )                    ; count[11] ; count[5]  ; clk_50MHz  ; clk_50MHz ; None                        ; None                      ; 3.041 ns                ;
; N/A                                     ; 307.22 MHz ( period = 3.255 ns )                    ; count[11] ; count[4]  ; clk_50MHz  ; clk_50MHz ; None                        ; None                      ; 3.041 ns                ;
; N/A                                     ; 307.22 MHz ( period = 3.255 ns )                    ; count[11] ; count[3]  ; clk_50MHz  ; clk_50MHz ; None                        ; None                      ; 3.041 ns                ;
; N/A                                     ; 307.22 MHz ( period = 3.255 ns )                    ; count[11] ; count[2]  ; clk_50MHz  ; clk_50MHz ; None                        ; None                      ; 3.041 ns                ;
; N/A                                     ; 307.22 MHz ( period = 3.255 ns )                    ; count[11] ; count[1]  ; clk_50MHz  ; clk_50MHz ; None                        ; None                      ; 3.041 ns                ;
; N/A                                     ; 307.22 MHz ( period = 3.255 ns )                    ; count[11] ; count[0]  ; clk_50MHz  ; clk_50MHz ; None                        ; None                      ; 3.041 ns                ;
; N/A                                     ; 307.50 MHz ( period = 3.252 ns )                    ; count[8]  ; count[24] ; clk_50MHz  ; clk_50MHz ; None                        ; None                      ; 3.049 ns                ;
; N/A                                     ; 307.50 MHz ( period = 3.252 ns )                    ; count[8]  ; count[25] ; clk_50MHz  ; clk_50MHz ; None                        ; None                      ; 3.049 ns                ;
; N/A                                     ; 307.50 MHz ( period = 3.252 ns )                    ; count[8]  ; count[23] ; clk_50MHz  ; clk_50MHz ; None                        ; None                      ; 3.049 ns                ;
; N/A                                     ; 307.50 MHz ( period = 3.252 ns )                    ; count[8]  ; count[21] ; clk_50MHz  ; clk_50MHz ; None                        ; None                      ; 3.049 ns                ;
; N/A                                     ; 307.50 MHz ( period = 3.252 ns )                    ; count[8]  ; count[22] ; clk_50MHz  ; clk_50MHz ; None                        ; None                      ; 3.049 ns                ;
; N/A                                     ; 307.50 MHz ( period = 3.252 ns )                    ; count[8]  ; count[19] ; clk_50MHz  ; clk_50MHz ; None                        ; None                      ; 3.049 ns                ;
; N/A                                     ; 307.50 MHz ( period = 3.252 ns )                    ; count[8]  ; count[17] ; clk_50MHz  ; clk_50MHz ; None                        ; None                      ; 3.049 ns                ;
; N/A                                     ; 307.50 MHz ( period = 3.252 ns )                    ; count[8]  ; count[18] ; clk_50MHz  ; clk_50MHz ; None                        ; None                      ; 3.049 ns                ;
; N/A                                     ; 307.50 MHz ( period = 3.252 ns )                    ; count[8]  ; count[20] ; clk_50MHz  ; clk_50MHz ; None                        ; None                      ; 3.049 ns                ;
; N/A                                     ; 307.50 MHz ( period = 3.252 ns )                    ; count[8]  ; count[16] ; clk_50MHz  ; clk_50MHz ; None                        ; None                      ; 3.049 ns                ;
; N/A                                     ; 307.50 MHz ( period = 3.252 ns )                    ; count[8]  ; count[14] ; clk_50MHz  ; clk_50MHz ; None                        ; None                      ; 3.049 ns                ;
; N/A                                     ; 307.50 MHz ( period = 3.252 ns )                    ; count[8]  ; count[13] ; clk_50MHz  ; clk_50MHz ; None                        ; None                      ; 3.049 ns                ;
; N/A                                     ; 307.50 MHz ( period = 3.252 ns )                    ; count[8]  ; count[15] ; clk_50MHz  ; clk_50MHz ; None                        ; None                      ; 3.049 ns                ;
; N/A                                     ; 307.69 MHz ( period = 3.250 ns )                    ; count[2]  ; count[25] ; clk_50MHz  ; clk_50MHz ; None                        ; None                      ; 3.047 ns                ;
; N/A                                     ; 307.79 MHz ( period = 3.249 ns )                    ; count[0]  ; count[23] ; clk_50MHz  ; clk_50MHz ; None                        ; None                      ; 3.046 ns                ;
; N/A                                     ; 308.74 MHz ( period = 3.239 ns )                    ; count[19] ; count[24] ; clk_50MHz  ; clk_50MHz ; None                        ; None                      ; 3.025 ns                ;
; N/A                                     ; 308.74 MHz ( period = 3.239 ns )                    ; count[19] ; count[25] ; clk_50MHz  ; clk_50MHz ; None                        ; None                      ; 3.025 ns                ;
; N/A                                     ; 308.74 MHz ( period = 3.239 ns )                    ; count[19] ; count[23] ; clk_50MHz  ; clk_50MHz ; None                        ; None                      ; 3.025 ns                ;
; N/A                                     ; 308.74 MHz ( period = 3.239 ns )                    ; count[19] ; count[21] ; clk_50MHz  ; clk_50MHz ; None                        ; None                      ; 3.025 ns                ;
; N/A                                     ; 308.74 MHz ( period = 3.239 ns )                    ; count[19] ; count[22] ; clk_50MHz  ; clk_50MHz ; None                        ; None                      ; 3.025 ns                ;
; N/A                                     ; 308.74 MHz ( period = 3.239 ns )                    ; count[19] ; count[19] ; clk_50MHz  ; clk_50MHz ; None                        ; None                      ; 3.025 ns                ;
; N/A                                     ; 308.74 MHz ( period = 3.239 ns )                    ; count[19] ; count[17] ; clk_50MHz  ; clk_50MHz ; None                        ; None                      ; 3.025 ns                ;
; N/A                                     ; 308.74 MHz ( period = 3.239 ns )                    ; count[19] ; count[18] ; clk_50MHz  ; clk_50MHz ; None                        ; None                      ; 3.025 ns                ;
; N/A                                     ; 308.74 MHz ( period = 3.239 ns )                    ; count[19] ; count[20] ; clk_50MHz  ; clk_50MHz ; None                        ; None                      ; 3.025 ns                ;
; N/A                                     ; 308.74 MHz ( period = 3.239 ns )                    ; count[19] ; count[16] ; clk_50MHz  ; clk_50MHz ; None                        ; None                      ; 3.025 ns                ;
; N/A                                     ; 308.74 MHz ( period = 3.239 ns )                    ; count[19] ; count[14] ; clk_50MHz  ; clk_50MHz ; None                        ; None                      ; 3.025 ns                ;
; N/A                                     ; 308.74 MHz ( period = 3.239 ns )                    ; count[19] ; count[13] ; clk_50MHz  ; clk_50MHz ; None                        ; None                      ; 3.025 ns                ;
; N/A                                     ; 308.74 MHz ( period = 3.239 ns )                    ; count[19] ; count[15] ; clk_50MHz  ; clk_50MHz ; None                        ; None                      ; 3.025 ns                ;
; N/A                                     ; 311.53 MHz ( period = 3.210 ns )                    ; count[1]  ; count[24] ; clk_50MHz  ; clk_50MHz ; None                        ; None                      ; 3.007 ns                ;
; N/A                                     ; 311.72 MHz ( period = 3.208 ns )                    ; count[24] ; count[24] ; clk_50MHz  ; clk_50MHz ; None                        ; None                      ; 2.994 ns                ;
; N/A                                     ; 311.72 MHz ( period = 3.208 ns )                    ; count[24] ; count[25] ; clk_50MHz  ; clk_50MHz ; None                        ; None                      ; 2.994 ns                ;
; N/A                                     ; 311.72 MHz ( period = 3.208 ns )                    ; count[24] ; count[23] ; clk_50MHz  ; clk_50MHz ; None                        ; None                      ; 2.994 ns                ;
; N/A                                     ; 311.72 MHz ( period = 3.208 ns )                    ; count[24] ; count[21] ; clk_50MHz  ; clk_50MHz ; None                        ; None                      ; 2.994 ns                ;
; N/A                                     ; 311.72 MHz ( period = 3.208 ns )                    ; count[24] ; count[22] ; clk_50MHz  ; clk_50MHz ; None                        ; None                      ; 2.994 ns                ;
; N/A                                     ; 311.72 MHz ( period = 3.208 ns )                    ; count[24] ; count[19] ; clk_50MHz  ; clk_50MHz ; None                        ; None                      ; 2.994 ns                ;
; N/A                                     ; 311.72 MHz ( period = 3.208 ns )                    ; count[24] ; count[17] ; clk_50MHz  ; clk_50MHz ; None                        ; None                      ; 2.994 ns                ;
; N/A                                     ; 311.72 MHz ( period = 3.208 ns )                    ; count[24] ; count[18] ; clk_50MHz  ; clk_50MHz ; None                        ; None                      ; 2.994 ns                ;
; N/A                                     ; 311.72 MHz ( period = 3.208 ns )                    ; count[24] ; count[20] ; clk_50MHz  ; clk_50MHz ; None                        ; None                      ; 2.994 ns                ;
; N/A                                     ; 311.72 MHz ( period = 3.208 ns )                    ; count[24] ; count[16] ; clk_50MHz  ; clk_50MHz ; None                        ; None                      ; 2.994 ns                ;
; N/A                                     ; 311.72 MHz ( period = 3.208 ns )                    ; count[24] ; count[14] ; clk_50MHz  ; clk_50MHz ; None                        ; None                      ; 2.994 ns                ;
; N/A                                     ; 311.72 MHz ( period = 3.208 ns )                    ; count[24] ; count[13] ; clk_50MHz  ; clk_50MHz ; None                        ; None                      ; 2.994 ns                ;
; Timing analysis restricted to 200 rows. ; To change the limit use Settings (Assignments menu) ;           ;           ;            ;           ;                             ;                           ;                         ;
+-----------------------------------------+-----------------------------------------------------+-----------+-----------+------------+-----------+-----------------------------+---------------------------+-------------------------+


+----------------------------------------------------------------------------+
; tco                                                                        ;
+-------+--------------+------------+-----------------+---------+------------+
; Slack ; Required tco ; Actual tco ; From            ; To      ; From Clock ;
+-------+--------------+------------+-----------------+---------+------------+
; N/A   ; None         ; 6.981 ns   ; clk_1Hz_interne ; clk_1Hz ; clk_50MHz  ;
+-------+--------------+------------+-----------------+---------+------------+


+--------------------------+
; Timing Analyzer Messages ;
+--------------------------+
Info: *******************************************************************
Info: Running Quartus II Classic Timing Analyzer
    Info: Version 9.0 Build 235 06/17/2009 Service Pack 2 SJ Web Edition
    Info: Processing started: Fri Sep 10 08:22:26 2021
Info: Command: quartus_tan --read_settings_files=off --write_settings_files=off div_freq -c div_freq --timing_analysis_only
Warning: Found pins functioning as undefined clocks and/or memory enables
    Info: Assuming node "clk_50MHz" is an undefined clock
Info: Clock "clk_50MHz" has Internal fmax of 282.73 MHz between source register "count[8]" and destination register "count[11]" (period= 3.537 ns)
    Info: + Longest register to register delay is 3.323 ns
        Info: 1: + IC(0.000 ns) + CELL(0.000 ns) = 0.000 ns; Loc. = LCFF_X64_Y10_N23; Fanout = 3; REG Node = 'count[8]'
        Info: 2: + IC(0.797 ns) + CELL(0.398 ns) = 1.195 ns; Loc. = LCCOMB_X63_Y9_N14; Fanout = 1; COMB Node = 'LessThan0~2'
        Info: 3: + IC(0.248 ns) + CELL(0.275 ns) = 1.718 ns; Loc. = LCCOMB_X63_Y9_N0; Fanout = 1; COMB Node = 'LessThan0~3'
        Info: 4: + IC(0.241 ns) + CELL(0.150 ns) = 2.109 ns; Loc. = LCCOMB_X63_Y9_N22; Fanout = 27; COMB Node = 'LessThan0~6'
        Info: 5: + IC(0.704 ns) + CELL(0.510 ns) = 3.323 ns; Loc. = LCFF_X64_Y10_N29; Fanout = 3; REG Node = 'count[11]'
        Info: Total cell delay = 1.333 ns ( 40.11 % )
        Info: Total interconnect delay = 1.990 ns ( 59.89 % )
    Info: - Smallest clock skew is 0.000 ns
        Info: + Shortest clock path from clock "clk_50MHz" to destination register is 2.651 ns
            Info: 1: + IC(0.000 ns) + CELL(0.999 ns) = 0.999 ns; Loc. = PIN_N2; Fanout = 1; CLK Node = 'clk_50MHz'
            Info: 2: + IC(0.118 ns) + CELL(0.000 ns) = 1.117 ns; Loc. = CLKCTRL_G2; Fanout = 27; COMB Node = 'clk_50MHz~clkctrl'
            Info: 3: + IC(0.997 ns) + CELL(0.537 ns) = 2.651 ns; Loc. = LCFF_X64_Y10_N29; Fanout = 3; REG Node = 'count[11]'
            Info: Total cell delay = 1.536 ns ( 57.94 % )
            Info: Total interconnect delay = 1.115 ns ( 42.06 % )
        Info: - Longest clock path from clock "clk_50MHz" to source register is 2.651 ns
            Info: 1: + IC(0.000 ns) + CELL(0.999 ns) = 0.999 ns; Loc. = PIN_N2; Fanout = 1; CLK Node = 'clk_50MHz'
            Info: 2: + IC(0.118 ns) + CELL(0.000 ns) = 1.117 ns; Loc. = CLKCTRL_G2; Fanout = 27; COMB Node = 'clk_50MHz~clkctrl'
            Info: 3: + IC(0.997 ns) + CELL(0.537 ns) = 2.651 ns; Loc. = LCFF_X64_Y10_N23; Fanout = 3; REG Node = 'count[8]'
            Info: Total cell delay = 1.536 ns ( 57.94 % )
            Info: Total interconnect delay = 1.115 ns ( 42.06 % )
    Info: + Micro clock to output delay of source is 0.250 ns
    Info: + Micro setup delay of destination is -0.036 ns
Info: tco from clock "clk_50MHz" to destination pin "clk_1Hz" through register "clk_1Hz_interne" is 6.981 ns
    Info: + Longest clock path from clock "clk_50MHz" to source register is 2.662 ns
        Info: 1: + IC(0.000 ns) + CELL(0.999 ns) = 0.999 ns; Loc. = PIN_N2; Fanout = 1; CLK Node = 'clk_50MHz'
        Info: 2: + IC(0.118 ns) + CELL(0.000 ns) = 1.117 ns; Loc. = CLKCTRL_G2; Fanout = 27; COMB Node = 'clk_50MHz~clkctrl'
        Info: 3: + IC(1.008 ns) + CELL(0.537 ns) = 2.662 ns; Loc. = LCFF_X63_Y9_N17; Fanout = 2; REG Node = 'clk_1Hz_interne'
        Info: Total cell delay = 1.536 ns ( 57.70 % )
        Info: Total interconnect delay = 1.126 ns ( 42.30 % )
    Info: + Micro clock to output delay of source is 0.250 ns
    Info: + Longest register to pin delay is 4.069 ns
        Info: 1: + IC(0.000 ns) + CELL(0.000 ns) = 0.000 ns; Loc. = LCFF_X63_Y9_N17; Fanout = 2; REG Node = 'clk_1Hz_interne'
        Info: 2: + IC(1.251 ns) + CELL(2.818 ns) = 4.069 ns; Loc. = PIN_AE23; Fanout = 0; PIN Node = 'clk_1Hz'
        Info: Total cell delay = 2.818 ns ( 69.26 % )
        Info: Total interconnect delay = 1.251 ns ( 30.74 % )
Info: Quartus II Classic Timing Analyzer was successful. 0 errors, 1 warning
    Info: Peak virtual memory: 173 megabytes
    Info: Processing ended: Fri Sep 10 08:22:27 2021
    Info: Elapsed time: 00:00:01
    Info: Total CPU time (on all processors): 00:00:00


