Classic Timing Analyzer report for projet_complet
Fri Sep 10 10:24:29 2021
Quartus II Version 9.0 Build 235 06/17/2009 Service Pack 2 SJ Web Edition


---------------------
; Table of Contents ;
---------------------
  1. Legal Notice
  2. Timing Analyzer Summary
  3. Timing Analyzer Settings
  4. Clock Settings Summary
  5. Parallel Compilation
  6. Clock Setup: 'clk_50'
  7. tsu
  8. tco
  9. th
 10. Timing Analyzer Messages



----------------
; Legal Notice ;
----------------
Copyright (C) 1991-2009 Altera Corporation
Your use of Altera Corporation's design tools, logic functions 
and other software and tools, and its AMPP partner logic 
functions, and any output files from any of the foregoing 
(including device programming or simulation files), and any 
associated documentation or information are expressly subject 
to the terms and conditions of the Altera Program License 
Subscription Agreement, Altera MegaCore Function License 
Agreement, or other applicable license agreement, including, 
without limitation, that your use is for the sole purpose of 
programming logic devices manufactured by Altera and sold by 
Altera or its authorized distributors.  Please refer to the 
applicable agreement for further details.



+------------------------------------------------------------------------------------------------------------------------------------------------------------------------------------------+
; Timing Analyzer Summary                                                                                                                                                                  ;
+------------------------------+-------+---------------+----------------------------------+----------------------------+----------------------------+------------+----------+--------------+
; Type                         ; Slack ; Required Time ; Actual Time                      ; From                       ; To                         ; From Clock ; To Clock ; Failed Paths ;
+------------------------------+-------+---------------+----------------------------------+----------------------------+----------------------------+------------+----------+--------------+
; Worst-case tsu               ; N/A   ; None          ; -1.303 ns                        ; reset_freq                 ; compteur:inst2|compteur[3] ; --         ; clk_50   ; 0            ;
; Worst-case tco               ; N/A   ; None          ; 9.665 ns                         ; compteur:inst2|compteur[2] ; a_out                      ; clk_50     ; --       ; 0            ;
; Worst-case th                ; N/A   ; None          ; 1.791 ns                         ; reset_freq                 ; compteur:inst2|compteur[0] ; --         ; clk_50   ; 0            ;
; Clock Setup: 'clk_50'        ; N/A   ; None          ; 275.48 MHz ( period = 3.630 ns ) ; divFreq:inst1|count[13]    ; divFreq:inst1|count[15]    ; clk_50     ; clk_50   ; 0            ;
; Total number of failed paths ;       ;               ;                                  ;                            ;                            ;            ;          ; 0            ;
+------------------------------+-------+---------------+----------------------------------+----------------------------+----------------------------+------------+----------+--------------+


+--------------------------------------------------------------------------------------------------------------------+
; Timing Analyzer Settings                                                                                           ;
+---------------------------------------------------------------------+--------------------+------+----+-------------+
; Option                                                              ; Setting            ; From ; To ; Entity Name ;
+---------------------------------------------------------------------+--------------------+------+----+-------------+
; Device Name                                                         ; EP2C35F672C6       ;      ;    ;             ;
; Timing Models                                                       ; Final              ;      ;    ;             ;
; Default hold multicycle                                             ; Same as Multicycle ;      ;    ;             ;
; Cut paths between unrelated clock domains                           ; On                 ;      ;    ;             ;
; Cut off read during write signal paths                              ; On                 ;      ;    ;             ;
; Cut off feedback from I/O pins                                      ; On                 ;      ;    ;             ;
; Report Combined Fast/Slow Timing                                    ; Off                ;      ;    ;             ;
; Ignore Clock Settings                                               ; Off                ;      ;    ;             ;
; Analyze latches as synchronous elements                             ; On                 ;      ;    ;             ;
; Enable Recovery/Removal analysis                                    ; Off                ;      ;    ;             ;
; Enable Clock Latency                                                ; Off                ;      ;    ;             ;
; Use TimeQuest Timing Analyzer                                       ; Off                ;      ;    ;             ;
; Minimum Core Junction Temperature                                   ; 0                  ;      ;    ;             ;
; Maximum Core Junction Temperature                                   ; 85                 ;      ;    ;             ;
; Number of source nodes to report per destination node               ; 10                 ;      ;    ;             ;
; Number of destination nodes to report                               ; 10                 ;      ;    ;             ;
; Number of paths to report                                           ; 200                ;      ;    ;             ;
; Report Minimum Timing Checks                                        ; Off                ;      ;    ;             ;
; Use Fast Timing Models                                              ; Off                ;      ;    ;             ;
; Report IO Paths Separately                                          ; Off                ;      ;    ;             ;
; Perform Multicorner Analysis                                        ; On                 ;      ;    ;             ;
; Reports the worst-case path for each clock domain and analysis      ; Off                ;      ;    ;             ;
; Removes common clock path pessimism (CCPP) during slack computation ; Off                ;      ;    ;             ;
; Output I/O Timing Endpoint                                          ; Near End           ;      ;    ;             ;
+---------------------------------------------------------------------+--------------------+------+----+-------------+


+------------------------------------------------------------------------------------------------------------------------------------------------------------------------------------+
; Clock Settings Summary                                                                                                                                                             ;
+-----------------+--------------------+----------+------------------+---------------+--------------+----------+-----------------------+---------------------+--------+--------------+
; Clock Node Name ; Clock Setting Name ; Type     ; Fmax Requirement ; Early Latency ; Late Latency ; Based on ; Multiply Base Fmax by ; Divide Base Fmax by ; Offset ; Phase offset ;
+-----------------+--------------------+----------+------------------+---------------+--------------+----------+-----------------------+---------------------+--------+--------------+
; clk_50          ;                    ; User Pin ; None             ; 0.000 ns      ; 0.000 ns     ; --       ; N/A                   ; N/A                 ; N/A    ;              ;
+-----------------+--------------------+----------+------------------+---------------+--------------+----------+-----------------------+---------------------+--------+--------------+


Parallel compilation was disabled, but you have multiple processors available. Enable parallel compilation to reduce compilation time.
+-------------------------------------+
; Parallel Compilation                ;
+----------------------------+--------+
; Processors                 ; Number ;
+----------------------------+--------+
; Number detected on machine ; 4      ;
; Maximum allowed            ; 1      ;
+----------------------------+--------+


+---------------------------------------------------------------------------------------------------------------------------------------------------------------------------------------------------------------------------------------------------------------------+
; Clock Setup: 'clk_50'                                                                                                                                                                                                                                               ;
+-----------------------------------------+-----------------------------------------------------+-------------------------+-------------------------------+------------+----------+-----------------------------+---------------------------+-------------------------+
; Slack                                   ; Actual fmax (period)                                ; From                    ; To                            ; From Clock ; To Clock ; Required Setup Relationship ; Required Longest P2P Time ; Actual Longest P2P Time ;
+-----------------------------------------+-----------------------------------------------------+-------------------------+-------------------------------+------------+----------+-----------------------------+---------------------------+-------------------------+
; N/A                                     ; 275.48 MHz ( period = 3.630 ns )                    ; divFreq:inst1|count[13] ; divFreq:inst1|count[24]       ; clk_50     ; clk_50   ; None                        ; None                      ; 3.416 ns                ;
; N/A                                     ; 275.48 MHz ( period = 3.630 ns )                    ; divFreq:inst1|count[13] ; divFreq:inst1|count[25]       ; clk_50     ; clk_50   ; None                        ; None                      ; 3.416 ns                ;
; N/A                                     ; 275.48 MHz ( period = 3.630 ns )                    ; divFreq:inst1|count[13] ; divFreq:inst1|count[23]       ; clk_50     ; clk_50   ; None                        ; None                      ; 3.416 ns                ;
; N/A                                     ; 275.48 MHz ( period = 3.630 ns )                    ; divFreq:inst1|count[13] ; divFreq:inst1|count[22]       ; clk_50     ; clk_50   ; None                        ; None                      ; 3.416 ns                ;
; N/A                                     ; 275.48 MHz ( period = 3.630 ns )                    ; divFreq:inst1|count[13] ; divFreq:inst1|count[21]       ; clk_50     ; clk_50   ; None                        ; None                      ; 3.416 ns                ;
; N/A                                     ; 275.48 MHz ( period = 3.630 ns )                    ; divFreq:inst1|count[13] ; divFreq:inst1|count[18]       ; clk_50     ; clk_50   ; None                        ; None                      ; 3.416 ns                ;
; N/A                                     ; 275.48 MHz ( period = 3.630 ns )                    ; divFreq:inst1|count[13] ; divFreq:inst1|count[20]       ; clk_50     ; clk_50   ; None                        ; None                      ; 3.416 ns                ;
; N/A                                     ; 275.48 MHz ( period = 3.630 ns )                    ; divFreq:inst1|count[13] ; divFreq:inst1|count[17]       ; clk_50     ; clk_50   ; None                        ; None                      ; 3.416 ns                ;
; N/A                                     ; 275.48 MHz ( period = 3.630 ns )                    ; divFreq:inst1|count[13] ; divFreq:inst1|count[19]       ; clk_50     ; clk_50   ; None                        ; None                      ; 3.416 ns                ;
; N/A                                     ; 275.48 MHz ( period = 3.630 ns )                    ; divFreq:inst1|count[13] ; divFreq:inst1|count[16]       ; clk_50     ; clk_50   ; None                        ; None                      ; 3.416 ns                ;
; N/A                                     ; 275.48 MHz ( period = 3.630 ns )                    ; divFreq:inst1|count[13] ; divFreq:inst1|count[13]       ; clk_50     ; clk_50   ; None                        ; None                      ; 3.416 ns                ;
; N/A                                     ; 275.48 MHz ( period = 3.630 ns )                    ; divFreq:inst1|count[13] ; divFreq:inst1|count[14]       ; clk_50     ; clk_50   ; None                        ; None                      ; 3.416 ns                ;
; N/A                                     ; 275.48 MHz ( period = 3.630 ns )                    ; divFreq:inst1|count[13] ; divFreq:inst1|count[15]       ; clk_50     ; clk_50   ; None                        ; None                      ; 3.416 ns                ;
; N/A                                     ; 276.55 MHz ( period = 3.616 ns )                    ; divFreq:inst1|count[13] ; divFreq:inst1|clk_1Hz_interne ; clk_50     ; clk_50   ; None                        ; None                      ; 2.872 ns                ;
; N/A                                     ; 276.55 MHz ( period = 3.616 ns )                    ; divFreq:inst1|count[24] ; divFreq:inst1|count[24]       ; clk_50     ; clk_50   ; None                        ; None                      ; 3.402 ns                ;
; N/A                                     ; 276.55 MHz ( period = 3.616 ns )                    ; divFreq:inst1|count[24] ; divFreq:inst1|count[25]       ; clk_50     ; clk_50   ; None                        ; None                      ; 3.402 ns                ;
; N/A                                     ; 276.55 MHz ( period = 3.616 ns )                    ; divFreq:inst1|count[24] ; divFreq:inst1|count[23]       ; clk_50     ; clk_50   ; None                        ; None                      ; 3.402 ns                ;
; N/A                                     ; 276.55 MHz ( period = 3.616 ns )                    ; divFreq:inst1|count[24] ; divFreq:inst1|count[22]       ; clk_50     ; clk_50   ; None                        ; None                      ; 3.402 ns                ;
; N/A                                     ; 276.55 MHz ( period = 3.616 ns )                    ; divFreq:inst1|count[24] ; divFreq:inst1|count[21]       ; clk_50     ; clk_50   ; None                        ; None                      ; 3.402 ns                ;
; N/A                                     ; 276.55 MHz ( period = 3.616 ns )                    ; divFreq:inst1|count[24] ; divFreq:inst1|count[18]       ; clk_50     ; clk_50   ; None                        ; None                      ; 3.402 ns                ;
; N/A                                     ; 276.55 MHz ( period = 3.616 ns )                    ; divFreq:inst1|count[24] ; divFreq:inst1|count[20]       ; clk_50     ; clk_50   ; None                        ; None                      ; 3.402 ns                ;
; N/A                                     ; 276.55 MHz ( period = 3.616 ns )                    ; divFreq:inst1|count[24] ; divFreq:inst1|count[17]       ; clk_50     ; clk_50   ; None                        ; None                      ; 3.402 ns                ;
; N/A                                     ; 276.55 MHz ( period = 3.616 ns )                    ; divFreq:inst1|count[24] ; divFreq:inst1|count[19]       ; clk_50     ; clk_50   ; None                        ; None                      ; 3.402 ns                ;
; N/A                                     ; 276.55 MHz ( period = 3.616 ns )                    ; divFreq:inst1|count[24] ; divFreq:inst1|count[16]       ; clk_50     ; clk_50   ; None                        ; None                      ; 3.402 ns                ;
; N/A                                     ; 276.55 MHz ( period = 3.616 ns )                    ; divFreq:inst1|count[24] ; divFreq:inst1|count[13]       ; clk_50     ; clk_50   ; None                        ; None                      ; 3.402 ns                ;
; N/A                                     ; 276.55 MHz ( period = 3.616 ns )                    ; divFreq:inst1|count[24] ; divFreq:inst1|count[14]       ; clk_50     ; clk_50   ; None                        ; None                      ; 3.402 ns                ;
; N/A                                     ; 276.55 MHz ( period = 3.616 ns )                    ; divFreq:inst1|count[24] ; divFreq:inst1|count[15]       ; clk_50     ; clk_50   ; None                        ; None                      ; 3.402 ns                ;
; N/A                                     ; 277.32 MHz ( period = 3.606 ns )                    ; divFreq:inst1|count[12] ; divFreq:inst1|count[24]       ; clk_50     ; clk_50   ; None                        ; None                      ; 3.390 ns                ;
; N/A                                     ; 277.32 MHz ( period = 3.606 ns )                    ; divFreq:inst1|count[12] ; divFreq:inst1|count[25]       ; clk_50     ; clk_50   ; None                        ; None                      ; 3.390 ns                ;
; N/A                                     ; 277.32 MHz ( period = 3.606 ns )                    ; divFreq:inst1|count[12] ; divFreq:inst1|count[23]       ; clk_50     ; clk_50   ; None                        ; None                      ; 3.390 ns                ;
; N/A                                     ; 277.32 MHz ( period = 3.606 ns )                    ; divFreq:inst1|count[12] ; divFreq:inst1|count[22]       ; clk_50     ; clk_50   ; None                        ; None                      ; 3.390 ns                ;
; N/A                                     ; 277.32 MHz ( period = 3.606 ns )                    ; divFreq:inst1|count[12] ; divFreq:inst1|count[21]       ; clk_50     ; clk_50   ; None                        ; None                      ; 3.390 ns                ;
; N/A                                     ; 277.32 MHz ( period = 3.606 ns )                    ; divFreq:inst1|count[12] ; divFreq:inst1|count[18]       ; clk_50     ; clk_50   ; None                        ; None                      ; 3.390 ns                ;
; N/A                                     ; 277.32 MHz ( period = 3.606 ns )                    ; divFreq:inst1|count[12] ; divFreq:inst1|count[20]       ; clk_50     ; clk_50   ; None                        ; None                      ; 3.390 ns                ;
; N/A                                     ; 277.32 MHz ( period = 3.606 ns )                    ; divFreq:inst1|count[12] ; divFreq:inst1|count[17]       ; clk_50     ; clk_50   ; None                        ; None                      ; 3.390 ns                ;
; N/A                                     ; 277.32 MHz ( period = 3.606 ns )                    ; divFreq:inst1|count[12] ; divFreq:inst1|count[19]       ; clk_50     ; clk_50   ; None                        ; None                      ; 3.390 ns                ;
; N/A                                     ; 277.32 MHz ( period = 3.606 ns )                    ; divFreq:inst1|count[12] ; divFreq:inst1|count[16]       ; clk_50     ; clk_50   ; None                        ; None                      ; 3.390 ns                ;
; N/A                                     ; 277.32 MHz ( period = 3.606 ns )                    ; divFreq:inst1|count[12] ; divFreq:inst1|count[13]       ; clk_50     ; clk_50   ; None                        ; None                      ; 3.390 ns                ;
; N/A                                     ; 277.32 MHz ( period = 3.606 ns )                    ; divFreq:inst1|count[12] ; divFreq:inst1|count[14]       ; clk_50     ; clk_50   ; None                        ; None                      ; 3.390 ns                ;
; N/A                                     ; 277.32 MHz ( period = 3.606 ns )                    ; divFreq:inst1|count[12] ; divFreq:inst1|count[15]       ; clk_50     ; clk_50   ; None                        ; None                      ; 3.390 ns                ;
; N/A                                     ; 277.62 MHz ( period = 3.602 ns )                    ; divFreq:inst1|count[24] ; divFreq:inst1|clk_1Hz_interne ; clk_50     ; clk_50   ; None                        ; None                      ; 2.858 ns                ;
; N/A                                     ; 278.32 MHz ( period = 3.593 ns )                    ; divFreq:inst1|count[18] ; divFreq:inst1|count[24]       ; clk_50     ; clk_50   ; None                        ; None                      ; 3.379 ns                ;
; N/A                                     ; 278.32 MHz ( period = 3.593 ns )                    ; divFreq:inst1|count[18] ; divFreq:inst1|count[25]       ; clk_50     ; clk_50   ; None                        ; None                      ; 3.379 ns                ;
; N/A                                     ; 278.32 MHz ( period = 3.593 ns )                    ; divFreq:inst1|count[18] ; divFreq:inst1|count[23]       ; clk_50     ; clk_50   ; None                        ; None                      ; 3.379 ns                ;
; N/A                                     ; 278.32 MHz ( period = 3.593 ns )                    ; divFreq:inst1|count[18] ; divFreq:inst1|count[22]       ; clk_50     ; clk_50   ; None                        ; None                      ; 3.379 ns                ;
; N/A                                     ; 278.32 MHz ( period = 3.593 ns )                    ; divFreq:inst1|count[18] ; divFreq:inst1|count[21]       ; clk_50     ; clk_50   ; None                        ; None                      ; 3.379 ns                ;
; N/A                                     ; 278.32 MHz ( period = 3.593 ns )                    ; divFreq:inst1|count[18] ; divFreq:inst1|count[18]       ; clk_50     ; clk_50   ; None                        ; None                      ; 3.379 ns                ;
; N/A                                     ; 278.32 MHz ( period = 3.593 ns )                    ; divFreq:inst1|count[18] ; divFreq:inst1|count[20]       ; clk_50     ; clk_50   ; None                        ; None                      ; 3.379 ns                ;
; N/A                                     ; 278.32 MHz ( period = 3.593 ns )                    ; divFreq:inst1|count[18] ; divFreq:inst1|count[17]       ; clk_50     ; clk_50   ; None                        ; None                      ; 3.379 ns                ;
; N/A                                     ; 278.32 MHz ( period = 3.593 ns )                    ; divFreq:inst1|count[18] ; divFreq:inst1|count[19]       ; clk_50     ; clk_50   ; None                        ; None                      ; 3.379 ns                ;
; N/A                                     ; 278.32 MHz ( period = 3.593 ns )                    ; divFreq:inst1|count[18] ; divFreq:inst1|count[16]       ; clk_50     ; clk_50   ; None                        ; None                      ; 3.379 ns                ;
; N/A                                     ; 278.32 MHz ( period = 3.593 ns )                    ; divFreq:inst1|count[18] ; divFreq:inst1|count[13]       ; clk_50     ; clk_50   ; None                        ; None                      ; 3.379 ns                ;
; N/A                                     ; 278.32 MHz ( period = 3.593 ns )                    ; divFreq:inst1|count[18] ; divFreq:inst1|count[14]       ; clk_50     ; clk_50   ; None                        ; None                      ; 3.379 ns                ;
; N/A                                     ; 278.32 MHz ( period = 3.593 ns )                    ; divFreq:inst1|count[18] ; divFreq:inst1|count[15]       ; clk_50     ; clk_50   ; None                        ; None                      ; 3.379 ns                ;
; N/A                                     ; 278.40 MHz ( period = 3.592 ns )                    ; divFreq:inst1|count[12] ; divFreq:inst1|clk_1Hz_interne ; clk_50     ; clk_50   ; None                        ; None                      ; 2.846 ns                ;
; N/A                                     ; 279.41 MHz ( period = 3.579 ns )                    ; divFreq:inst1|count[18] ; divFreq:inst1|clk_1Hz_interne ; clk_50     ; clk_50   ; None                        ; None                      ; 2.835 ns                ;
; N/A                                     ; 281.21 MHz ( period = 3.556 ns )                    ; divFreq:inst1|count[20] ; divFreq:inst1|count[24]       ; clk_50     ; clk_50   ; None                        ; None                      ; 3.342 ns                ;
; N/A                                     ; 281.21 MHz ( period = 3.556 ns )                    ; divFreq:inst1|count[20] ; divFreq:inst1|count[25]       ; clk_50     ; clk_50   ; None                        ; None                      ; 3.342 ns                ;
; N/A                                     ; 281.21 MHz ( period = 3.556 ns )                    ; divFreq:inst1|count[20] ; divFreq:inst1|count[23]       ; clk_50     ; clk_50   ; None                        ; None                      ; 3.342 ns                ;
; N/A                                     ; 281.21 MHz ( period = 3.556 ns )                    ; divFreq:inst1|count[20] ; divFreq:inst1|count[22]       ; clk_50     ; clk_50   ; None                        ; None                      ; 3.342 ns                ;
; N/A                                     ; 281.21 MHz ( period = 3.556 ns )                    ; divFreq:inst1|count[20] ; divFreq:inst1|count[21]       ; clk_50     ; clk_50   ; None                        ; None                      ; 3.342 ns                ;
; N/A                                     ; 281.21 MHz ( period = 3.556 ns )                    ; divFreq:inst1|count[20] ; divFreq:inst1|count[18]       ; clk_50     ; clk_50   ; None                        ; None                      ; 3.342 ns                ;
; N/A                                     ; 281.21 MHz ( period = 3.556 ns )                    ; divFreq:inst1|count[20] ; divFreq:inst1|count[20]       ; clk_50     ; clk_50   ; None                        ; None                      ; 3.342 ns                ;
; N/A                                     ; 281.21 MHz ( period = 3.556 ns )                    ; divFreq:inst1|count[20] ; divFreq:inst1|count[17]       ; clk_50     ; clk_50   ; None                        ; None                      ; 3.342 ns                ;
; N/A                                     ; 281.21 MHz ( period = 3.556 ns )                    ; divFreq:inst1|count[20] ; divFreq:inst1|count[19]       ; clk_50     ; clk_50   ; None                        ; None                      ; 3.342 ns                ;
; N/A                                     ; 281.21 MHz ( period = 3.556 ns )                    ; divFreq:inst1|count[20] ; divFreq:inst1|count[16]       ; clk_50     ; clk_50   ; None                        ; None                      ; 3.342 ns                ;
; N/A                                     ; 281.21 MHz ( period = 3.556 ns )                    ; divFreq:inst1|count[20] ; divFreq:inst1|count[13]       ; clk_50     ; clk_50   ; None                        ; None                      ; 3.342 ns                ;
; N/A                                     ; 281.21 MHz ( period = 3.556 ns )                    ; divFreq:inst1|count[20] ; divFreq:inst1|count[14]       ; clk_50     ; clk_50   ; None                        ; None                      ; 3.342 ns                ;
; N/A                                     ; 281.21 MHz ( period = 3.556 ns )                    ; divFreq:inst1|count[20] ; divFreq:inst1|count[15]       ; clk_50     ; clk_50   ; None                        ; None                      ; 3.342 ns                ;
; N/A                                     ; 282.33 MHz ( period = 3.542 ns )                    ; divFreq:inst1|count[20] ; divFreq:inst1|clk_1Hz_interne ; clk_50     ; clk_50   ; None                        ; None                      ; 2.798 ns                ;
; N/A                                     ; 285.23 MHz ( period = 3.506 ns )                    ; divFreq:inst1|count[16] ; divFreq:inst1|count[24]       ; clk_50     ; clk_50   ; None                        ; None                      ; 3.292 ns                ;
; N/A                                     ; 285.23 MHz ( period = 3.506 ns )                    ; divFreq:inst1|count[16] ; divFreq:inst1|count[25]       ; clk_50     ; clk_50   ; None                        ; None                      ; 3.292 ns                ;
; N/A                                     ; 285.23 MHz ( period = 3.506 ns )                    ; divFreq:inst1|count[16] ; divFreq:inst1|count[23]       ; clk_50     ; clk_50   ; None                        ; None                      ; 3.292 ns                ;
; N/A                                     ; 285.23 MHz ( period = 3.506 ns )                    ; divFreq:inst1|count[16] ; divFreq:inst1|count[22]       ; clk_50     ; clk_50   ; None                        ; None                      ; 3.292 ns                ;
; N/A                                     ; 285.23 MHz ( period = 3.506 ns )                    ; divFreq:inst1|count[16] ; divFreq:inst1|count[21]       ; clk_50     ; clk_50   ; None                        ; None                      ; 3.292 ns                ;
; N/A                                     ; 285.23 MHz ( period = 3.506 ns )                    ; divFreq:inst1|count[16] ; divFreq:inst1|count[18]       ; clk_50     ; clk_50   ; None                        ; None                      ; 3.292 ns                ;
; N/A                                     ; 285.23 MHz ( period = 3.506 ns )                    ; divFreq:inst1|count[16] ; divFreq:inst1|count[20]       ; clk_50     ; clk_50   ; None                        ; None                      ; 3.292 ns                ;
; N/A                                     ; 285.23 MHz ( period = 3.506 ns )                    ; divFreq:inst1|count[16] ; divFreq:inst1|count[17]       ; clk_50     ; clk_50   ; None                        ; None                      ; 3.292 ns                ;
; N/A                                     ; 285.23 MHz ( period = 3.506 ns )                    ; divFreq:inst1|count[16] ; divFreq:inst1|count[19]       ; clk_50     ; clk_50   ; None                        ; None                      ; 3.292 ns                ;
; N/A                                     ; 285.23 MHz ( period = 3.506 ns )                    ; divFreq:inst1|count[16] ; divFreq:inst1|count[16]       ; clk_50     ; clk_50   ; None                        ; None                      ; 3.292 ns                ;
; N/A                                     ; 285.23 MHz ( period = 3.506 ns )                    ; divFreq:inst1|count[16] ; divFreq:inst1|count[13]       ; clk_50     ; clk_50   ; None                        ; None                      ; 3.292 ns                ;
; N/A                                     ; 285.23 MHz ( period = 3.506 ns )                    ; divFreq:inst1|count[16] ; divFreq:inst1|count[14]       ; clk_50     ; clk_50   ; None                        ; None                      ; 3.292 ns                ;
; N/A                                     ; 285.23 MHz ( period = 3.506 ns )                    ; divFreq:inst1|count[16] ; divFreq:inst1|count[15]       ; clk_50     ; clk_50   ; None                        ; None                      ; 3.292 ns                ;
; N/A                                     ; 286.37 MHz ( period = 3.492 ns )                    ; divFreq:inst1|count[16] ; divFreq:inst1|clk_1Hz_interne ; clk_50     ; clk_50   ; None                        ; None                      ; 2.748 ns                ;
; N/A                                     ; 292.40 MHz ( period = 3.420 ns )                    ; divFreq:inst1|count[14] ; divFreq:inst1|count[24]       ; clk_50     ; clk_50   ; None                        ; None                      ; 3.206 ns                ;
; N/A                                     ; 292.40 MHz ( period = 3.420 ns )                    ; divFreq:inst1|count[14] ; divFreq:inst1|count[25]       ; clk_50     ; clk_50   ; None                        ; None                      ; 3.206 ns                ;
; N/A                                     ; 292.40 MHz ( period = 3.420 ns )                    ; divFreq:inst1|count[14] ; divFreq:inst1|count[23]       ; clk_50     ; clk_50   ; None                        ; None                      ; 3.206 ns                ;
; N/A                                     ; 292.40 MHz ( period = 3.420 ns )                    ; divFreq:inst1|count[14] ; divFreq:inst1|count[22]       ; clk_50     ; clk_50   ; None                        ; None                      ; 3.206 ns                ;
; N/A                                     ; 292.40 MHz ( period = 3.420 ns )                    ; divFreq:inst1|count[14] ; divFreq:inst1|count[21]       ; clk_50     ; clk_50   ; None                        ; None                      ; 3.206 ns                ;
; N/A                                     ; 292.40 MHz ( period = 3.420 ns )                    ; divFreq:inst1|count[14] ; divFreq:inst1|count[18]       ; clk_50     ; clk_50   ; None                        ; None                      ; 3.206 ns                ;
; N/A                                     ; 292.40 MHz ( period = 3.420 ns )                    ; divFreq:inst1|count[14] ; divFreq:inst1|count[20]       ; clk_50     ; clk_50   ; None                        ; None                      ; 3.206 ns                ;
; N/A                                     ; 292.40 MHz ( period = 3.420 ns )                    ; divFreq:inst1|count[14] ; divFreq:inst1|count[17]       ; clk_50     ; clk_50   ; None                        ; None                      ; 3.206 ns                ;
; N/A                                     ; 292.40 MHz ( period = 3.420 ns )                    ; divFreq:inst1|count[14] ; divFreq:inst1|count[19]       ; clk_50     ; clk_50   ; None                        ; None                      ; 3.206 ns                ;
; N/A                                     ; 292.40 MHz ( period = 3.420 ns )                    ; divFreq:inst1|count[14] ; divFreq:inst1|count[16]       ; clk_50     ; clk_50   ; None                        ; None                      ; 3.206 ns                ;
; N/A                                     ; 292.40 MHz ( period = 3.420 ns )                    ; divFreq:inst1|count[14] ; divFreq:inst1|count[13]       ; clk_50     ; clk_50   ; None                        ; None                      ; 3.206 ns                ;
; N/A                                     ; 292.40 MHz ( period = 3.420 ns )                    ; divFreq:inst1|count[14] ; divFreq:inst1|count[14]       ; clk_50     ; clk_50   ; None                        ; None                      ; 3.206 ns                ;
; N/A                                     ; 292.40 MHz ( period = 3.420 ns )                    ; divFreq:inst1|count[14] ; divFreq:inst1|count[15]       ; clk_50     ; clk_50   ; None                        ; None                      ; 3.206 ns                ;
; N/A                                     ; 292.83 MHz ( period = 3.415 ns )                    ; divFreq:inst1|count[17] ; divFreq:inst1|count[24]       ; clk_50     ; clk_50   ; None                        ; None                      ; 3.201 ns                ;
; N/A                                     ; 292.83 MHz ( period = 3.415 ns )                    ; divFreq:inst1|count[17] ; divFreq:inst1|count[25]       ; clk_50     ; clk_50   ; None                        ; None                      ; 3.201 ns                ;
; N/A                                     ; 292.83 MHz ( period = 3.415 ns )                    ; divFreq:inst1|count[17] ; divFreq:inst1|count[23]       ; clk_50     ; clk_50   ; None                        ; None                      ; 3.201 ns                ;
; N/A                                     ; 292.83 MHz ( period = 3.415 ns )                    ; divFreq:inst1|count[17] ; divFreq:inst1|count[22]       ; clk_50     ; clk_50   ; None                        ; None                      ; 3.201 ns                ;
; N/A                                     ; 292.83 MHz ( period = 3.415 ns )                    ; divFreq:inst1|count[17] ; divFreq:inst1|count[21]       ; clk_50     ; clk_50   ; None                        ; None                      ; 3.201 ns                ;
; N/A                                     ; 292.83 MHz ( period = 3.415 ns )                    ; divFreq:inst1|count[17] ; divFreq:inst1|count[18]       ; clk_50     ; clk_50   ; None                        ; None                      ; 3.201 ns                ;
; N/A                                     ; 292.83 MHz ( period = 3.415 ns )                    ; divFreq:inst1|count[17] ; divFreq:inst1|count[20]       ; clk_50     ; clk_50   ; None                        ; None                      ; 3.201 ns                ;
; N/A                                     ; 292.83 MHz ( period = 3.415 ns )                    ; divFreq:inst1|count[17] ; divFreq:inst1|count[17]       ; clk_50     ; clk_50   ; None                        ; None                      ; 3.201 ns                ;
; N/A                                     ; 292.83 MHz ( period = 3.415 ns )                    ; divFreq:inst1|count[17] ; divFreq:inst1|count[19]       ; clk_50     ; clk_50   ; None                        ; None                      ; 3.201 ns                ;
; N/A                                     ; 292.83 MHz ( period = 3.415 ns )                    ; divFreq:inst1|count[17] ; divFreq:inst1|count[16]       ; clk_50     ; clk_50   ; None                        ; None                      ; 3.201 ns                ;
; N/A                                     ; 292.83 MHz ( period = 3.415 ns )                    ; divFreq:inst1|count[17] ; divFreq:inst1|count[13]       ; clk_50     ; clk_50   ; None                        ; None                      ; 3.201 ns                ;
; N/A                                     ; 292.83 MHz ( period = 3.415 ns )                    ; divFreq:inst1|count[17] ; divFreq:inst1|count[14]       ; clk_50     ; clk_50   ; None                        ; None                      ; 3.201 ns                ;
; N/A                                     ; 292.83 MHz ( period = 3.415 ns )                    ; divFreq:inst1|count[17] ; divFreq:inst1|count[15]       ; clk_50     ; clk_50   ; None                        ; None                      ; 3.201 ns                ;
; N/A                                     ; 293.60 MHz ( period = 3.406 ns )                    ; divFreq:inst1|count[14] ; divFreq:inst1|clk_1Hz_interne ; clk_50     ; clk_50   ; None                        ; None                      ; 2.662 ns                ;
; N/A                                     ; 293.77 MHz ( period = 3.404 ns )                    ; divFreq:inst1|count[0]  ; divFreq:inst1|count[25]       ; clk_50     ; clk_50   ; None                        ; None                      ; 3.188 ns                ;
; N/A                                     ; 294.03 MHz ( period = 3.401 ns )                    ; divFreq:inst1|count[17] ; divFreq:inst1|clk_1Hz_interne ; clk_50     ; clk_50   ; None                        ; None                      ; 2.657 ns                ;
; N/A                                     ; 300.03 MHz ( period = 3.333 ns )                    ; divFreq:inst1|count[0]  ; divFreq:inst1|count[24]       ; clk_50     ; clk_50   ; None                        ; None                      ; 3.117 ns                ;
; N/A                                     ; 303.21 MHz ( period = 3.298 ns )                    ; divFreq:inst1|count[1]  ; divFreq:inst1|count[25]       ; clk_50     ; clk_50   ; None                        ; None                      ; 3.082 ns                ;
; N/A                                     ; 305.16 MHz ( period = 3.277 ns )                    ; divFreq:inst1|count[19] ; divFreq:inst1|count[24]       ; clk_50     ; clk_50   ; None                        ; None                      ; 3.063 ns                ;
; N/A                                     ; 305.16 MHz ( period = 3.277 ns )                    ; divFreq:inst1|count[15] ; divFreq:inst1|count[24]       ; clk_50     ; clk_50   ; None                        ; None                      ; 3.063 ns                ;
; N/A                                     ; 305.16 MHz ( period = 3.277 ns )                    ; divFreq:inst1|count[19] ; divFreq:inst1|count[25]       ; clk_50     ; clk_50   ; None                        ; None                      ; 3.063 ns                ;
; N/A                                     ; 305.16 MHz ( period = 3.277 ns )                    ; divFreq:inst1|count[15] ; divFreq:inst1|count[25]       ; clk_50     ; clk_50   ; None                        ; None                      ; 3.063 ns                ;
; N/A                                     ; 305.16 MHz ( period = 3.277 ns )                    ; divFreq:inst1|count[19] ; divFreq:inst1|count[23]       ; clk_50     ; clk_50   ; None                        ; None                      ; 3.063 ns                ;
; N/A                                     ; 305.16 MHz ( period = 3.277 ns )                    ; divFreq:inst1|count[15] ; divFreq:inst1|count[23]       ; clk_50     ; clk_50   ; None                        ; None                      ; 3.063 ns                ;
; N/A                                     ; 305.16 MHz ( period = 3.277 ns )                    ; divFreq:inst1|count[19] ; divFreq:inst1|count[22]       ; clk_50     ; clk_50   ; None                        ; None                      ; 3.063 ns                ;
; N/A                                     ; 305.16 MHz ( period = 3.277 ns )                    ; divFreq:inst1|count[15] ; divFreq:inst1|count[22]       ; clk_50     ; clk_50   ; None                        ; None                      ; 3.063 ns                ;
; N/A                                     ; 305.16 MHz ( period = 3.277 ns )                    ; divFreq:inst1|count[19] ; divFreq:inst1|count[21]       ; clk_50     ; clk_50   ; None                        ; None                      ; 3.063 ns                ;
; N/A                                     ; 305.16 MHz ( period = 3.277 ns )                    ; divFreq:inst1|count[15] ; divFreq:inst1|count[21]       ; clk_50     ; clk_50   ; None                        ; None                      ; 3.063 ns                ;
; N/A                                     ; 305.16 MHz ( period = 3.277 ns )                    ; divFreq:inst1|count[19] ; divFreq:inst1|count[18]       ; clk_50     ; clk_50   ; None                        ; None                      ; 3.063 ns                ;
; N/A                                     ; 305.16 MHz ( period = 3.277 ns )                    ; divFreq:inst1|count[15] ; divFreq:inst1|count[18]       ; clk_50     ; clk_50   ; None                        ; None                      ; 3.063 ns                ;
; N/A                                     ; 305.16 MHz ( period = 3.277 ns )                    ; divFreq:inst1|count[19] ; divFreq:inst1|count[20]       ; clk_50     ; clk_50   ; None                        ; None                      ; 3.063 ns                ;
; N/A                                     ; 305.16 MHz ( period = 3.277 ns )                    ; divFreq:inst1|count[15] ; divFreq:inst1|count[20]       ; clk_50     ; clk_50   ; None                        ; None                      ; 3.063 ns                ;
; N/A                                     ; 305.16 MHz ( period = 3.277 ns )                    ; divFreq:inst1|count[19] ; divFreq:inst1|count[17]       ; clk_50     ; clk_50   ; None                        ; None                      ; 3.063 ns                ;
; N/A                                     ; 305.16 MHz ( period = 3.277 ns )                    ; divFreq:inst1|count[15] ; divFreq:inst1|count[17]       ; clk_50     ; clk_50   ; None                        ; None                      ; 3.063 ns                ;
; N/A                                     ; 305.16 MHz ( period = 3.277 ns )                    ; divFreq:inst1|count[19] ; divFreq:inst1|count[19]       ; clk_50     ; clk_50   ; None                        ; None                      ; 3.063 ns                ;
; N/A                                     ; 305.16 MHz ( period = 3.277 ns )                    ; divFreq:inst1|count[15] ; divFreq:inst1|count[19]       ; clk_50     ; clk_50   ; None                        ; None                      ; 3.063 ns                ;
; N/A                                     ; 305.16 MHz ( period = 3.277 ns )                    ; divFreq:inst1|count[19] ; divFreq:inst1|count[16]       ; clk_50     ; clk_50   ; None                        ; None                      ; 3.063 ns                ;
; N/A                                     ; 305.16 MHz ( period = 3.277 ns )                    ; divFreq:inst1|count[15] ; divFreq:inst1|count[16]       ; clk_50     ; clk_50   ; None                        ; None                      ; 3.063 ns                ;
; N/A                                     ; 305.16 MHz ( period = 3.277 ns )                    ; divFreq:inst1|count[19] ; divFreq:inst1|count[13]       ; clk_50     ; clk_50   ; None                        ; None                      ; 3.063 ns                ;
; N/A                                     ; 305.16 MHz ( period = 3.277 ns )                    ; divFreq:inst1|count[15] ; divFreq:inst1|count[13]       ; clk_50     ; clk_50   ; None                        ; None                      ; 3.063 ns                ;
; N/A                                     ; 305.16 MHz ( period = 3.277 ns )                    ; divFreq:inst1|count[19] ; divFreq:inst1|count[14]       ; clk_50     ; clk_50   ; None                        ; None                      ; 3.063 ns                ;
; N/A                                     ; 305.16 MHz ( period = 3.277 ns )                    ; divFreq:inst1|count[15] ; divFreq:inst1|count[14]       ; clk_50     ; clk_50   ; None                        ; None                      ; 3.063 ns                ;
; N/A                                     ; 305.16 MHz ( period = 3.277 ns )                    ; divFreq:inst1|count[19] ; divFreq:inst1|count[15]       ; clk_50     ; clk_50   ; None                        ; None                      ; 3.063 ns                ;
; N/A                                     ; 305.16 MHz ( period = 3.277 ns )                    ; divFreq:inst1|count[15] ; divFreq:inst1|count[15]       ; clk_50     ; clk_50   ; None                        ; None                      ; 3.063 ns                ;
; N/A                                     ; 306.47 MHz ( period = 3.263 ns )                    ; divFreq:inst1|count[19] ; divFreq:inst1|clk_1Hz_interne ; clk_50     ; clk_50   ; None                        ; None                      ; 2.519 ns                ;
; N/A                                     ; 306.47 MHz ( period = 3.263 ns )                    ; divFreq:inst1|count[15] ; divFreq:inst1|clk_1Hz_interne ; clk_50     ; clk_50   ; None                        ; None                      ; 2.519 ns                ;
; N/A                                     ; 306.47 MHz ( period = 3.263 ns )                    ; divFreq:inst1|count[2]  ; divFreq:inst1|count[25]       ; clk_50     ; clk_50   ; None                        ; None                      ; 3.047 ns                ;
; N/A                                     ; 306.56 MHz ( period = 3.262 ns )                    ; divFreq:inst1|count[0]  ; divFreq:inst1|count[23]       ; clk_50     ; clk_50   ; None                        ; None                      ; 3.046 ns                ;
; N/A                                     ; 309.89 MHz ( period = 3.227 ns )                    ; divFreq:inst1|count[9]  ; divFreq:inst1|count[24]       ; clk_50     ; clk_50   ; None                        ; None                      ; 3.011 ns                ;
; N/A                                     ; 309.89 MHz ( period = 3.227 ns )                    ; divFreq:inst1|count[1]  ; divFreq:inst1|count[24]       ; clk_50     ; clk_50   ; None                        ; None                      ; 3.011 ns                ;
; N/A                                     ; 309.89 MHz ( period = 3.227 ns )                    ; divFreq:inst1|count[9]  ; divFreq:inst1|count[25]       ; clk_50     ; clk_50   ; None                        ; None                      ; 3.011 ns                ;
; N/A                                     ; 309.89 MHz ( period = 3.227 ns )                    ; divFreq:inst1|count[9]  ; divFreq:inst1|count[23]       ; clk_50     ; clk_50   ; None                        ; None                      ; 3.011 ns                ;
; N/A                                     ; 309.89 MHz ( period = 3.227 ns )                    ; divFreq:inst1|count[9]  ; divFreq:inst1|count[22]       ; clk_50     ; clk_50   ; None                        ; None                      ; 3.011 ns                ;
; N/A                                     ; 309.89 MHz ( period = 3.227 ns )                    ; divFreq:inst1|count[9]  ; divFreq:inst1|count[21]       ; clk_50     ; clk_50   ; None                        ; None                      ; 3.011 ns                ;
; N/A                                     ; 309.89 MHz ( period = 3.227 ns )                    ; divFreq:inst1|count[9]  ; divFreq:inst1|count[18]       ; clk_50     ; clk_50   ; None                        ; None                      ; 3.011 ns                ;
; N/A                                     ; 309.89 MHz ( period = 3.227 ns )                    ; divFreq:inst1|count[9]  ; divFreq:inst1|count[20]       ; clk_50     ; clk_50   ; None                        ; None                      ; 3.011 ns                ;
; N/A                                     ; 309.89 MHz ( period = 3.227 ns )                    ; divFreq:inst1|count[9]  ; divFreq:inst1|count[17]       ; clk_50     ; clk_50   ; None                        ; None                      ; 3.011 ns                ;
; N/A                                     ; 309.89 MHz ( period = 3.227 ns )                    ; divFreq:inst1|count[9]  ; divFreq:inst1|count[19]       ; clk_50     ; clk_50   ; None                        ; None                      ; 3.011 ns                ;
; N/A                                     ; 309.89 MHz ( period = 3.227 ns )                    ; divFreq:inst1|count[9]  ; divFreq:inst1|count[16]       ; clk_50     ; clk_50   ; None                        ; None                      ; 3.011 ns                ;
; N/A                                     ; 309.89 MHz ( period = 3.227 ns )                    ; divFreq:inst1|count[9]  ; divFreq:inst1|count[13]       ; clk_50     ; clk_50   ; None                        ; None                      ; 3.011 ns                ;
; N/A                                     ; 309.89 MHz ( period = 3.227 ns )                    ; divFreq:inst1|count[9]  ; divFreq:inst1|count[14]       ; clk_50     ; clk_50   ; None                        ; None                      ; 3.011 ns                ;
; N/A                                     ; 309.89 MHz ( period = 3.227 ns )                    ; divFreq:inst1|count[9]  ; divFreq:inst1|count[15]       ; clk_50     ; clk_50   ; None                        ; None                      ; 3.011 ns                ;
; N/A                                     ; 311.24 MHz ( period = 3.213 ns )                    ; divFreq:inst1|count[9]  ; divFreq:inst1|clk_1Hz_interne ; clk_50     ; clk_50   ; None                        ; None                      ; 2.467 ns                ;
; N/A                                     ; 312.50 MHz ( period = 3.200 ns )                    ; divFreq:inst1|count[23] ; divFreq:inst1|count[24]       ; clk_50     ; clk_50   ; None                        ; None                      ; 2.986 ns                ;
; N/A                                     ; 312.50 MHz ( period = 3.200 ns )                    ; divFreq:inst1|count[23] ; divFreq:inst1|count[25]       ; clk_50     ; clk_50   ; None                        ; None                      ; 2.986 ns                ;
; N/A                                     ; 312.50 MHz ( period = 3.200 ns )                    ; divFreq:inst1|count[23] ; divFreq:inst1|count[23]       ; clk_50     ; clk_50   ; None                        ; None                      ; 2.986 ns                ;
; N/A                                     ; 312.50 MHz ( period = 3.200 ns )                    ; divFreq:inst1|count[23] ; divFreq:inst1|count[22]       ; clk_50     ; clk_50   ; None                        ; None                      ; 2.986 ns                ;
; N/A                                     ; 312.50 MHz ( period = 3.200 ns )                    ; divFreq:inst1|count[23] ; divFreq:inst1|count[21]       ; clk_50     ; clk_50   ; None                        ; None                      ; 2.986 ns                ;
; N/A                                     ; 312.50 MHz ( period = 3.200 ns )                    ; divFreq:inst1|count[23] ; divFreq:inst1|count[18]       ; clk_50     ; clk_50   ; None                        ; None                      ; 2.986 ns                ;
; N/A                                     ; 312.50 MHz ( period = 3.200 ns )                    ; divFreq:inst1|count[23] ; divFreq:inst1|count[20]       ; clk_50     ; clk_50   ; None                        ; None                      ; 2.986 ns                ;
; N/A                                     ; 312.50 MHz ( period = 3.200 ns )                    ; divFreq:inst1|count[23] ; divFreq:inst1|count[17]       ; clk_50     ; clk_50   ; None                        ; None                      ; 2.986 ns                ;
; N/A                                     ; 312.50 MHz ( period = 3.200 ns )                    ; divFreq:inst1|count[23] ; divFreq:inst1|count[19]       ; clk_50     ; clk_50   ; None                        ; None                      ; 2.986 ns                ;
; N/A                                     ; 312.50 MHz ( period = 3.200 ns )                    ; divFreq:inst1|count[23] ; divFreq:inst1|count[16]       ; clk_50     ; clk_50   ; None                        ; None                      ; 2.986 ns                ;
; N/A                                     ; 312.50 MHz ( period = 3.200 ns )                    ; divFreq:inst1|count[23] ; divFreq:inst1|count[13]       ; clk_50     ; clk_50   ; None                        ; None                      ; 2.986 ns                ;
; N/A                                     ; 312.50 MHz ( period = 3.200 ns )                    ; divFreq:inst1|count[23] ; divFreq:inst1|count[14]       ; clk_50     ; clk_50   ; None                        ; None                      ; 2.986 ns                ;
; N/A                                     ; 312.50 MHz ( period = 3.200 ns )                    ; divFreq:inst1|count[23] ; divFreq:inst1|count[15]       ; clk_50     ; clk_50   ; None                        ; None                      ; 2.986 ns                ;
; N/A                                     ; 313.28 MHz ( period = 3.192 ns )                    ; divFreq:inst1|count[2]  ; divFreq:inst1|count[24]       ; clk_50     ; clk_50   ; None                        ; None                      ; 2.976 ns                ;
; N/A                                     ; 313.28 MHz ( period = 3.192 ns )                    ; divFreq:inst1|count[3]  ; divFreq:inst1|count[25]       ; clk_50     ; clk_50   ; None                        ; None                      ; 2.976 ns                ;
; N/A                                     ; 313.38 MHz ( period = 3.191 ns )                    ; divFreq:inst1|count[0]  ; divFreq:inst1|count[22]       ; clk_50     ; clk_50   ; None                        ; None                      ; 2.975 ns                ;
; N/A                                     ; 313.87 MHz ( period = 3.186 ns )                    ; divFreq:inst1|count[23] ; divFreq:inst1|clk_1Hz_interne ; clk_50     ; clk_50   ; None                        ; None                      ; 2.442 ns                ;
; N/A                                     ; 314.37 MHz ( period = 3.181 ns )                    ; divFreq:inst1|count[10] ; divFreq:inst1|count[24]       ; clk_50     ; clk_50   ; None                        ; None                      ; 2.965 ns                ;
; N/A                                     ; 314.37 MHz ( period = 3.181 ns )                    ; divFreq:inst1|count[10] ; divFreq:inst1|count[25]       ; clk_50     ; clk_50   ; None                        ; None                      ; 2.965 ns                ;
; N/A                                     ; 314.37 MHz ( period = 3.181 ns )                    ; divFreq:inst1|count[10] ; divFreq:inst1|count[23]       ; clk_50     ; clk_50   ; None                        ; None                      ; 2.965 ns                ;
; N/A                                     ; 314.37 MHz ( period = 3.181 ns )                    ; divFreq:inst1|count[10] ; divFreq:inst1|count[22]       ; clk_50     ; clk_50   ; None                        ; None                      ; 2.965 ns                ;
; N/A                                     ; 314.37 MHz ( period = 3.181 ns )                    ; divFreq:inst1|count[10] ; divFreq:inst1|count[21]       ; clk_50     ; clk_50   ; None                        ; None                      ; 2.965 ns                ;
; N/A                                     ; 314.37 MHz ( period = 3.181 ns )                    ; divFreq:inst1|count[10] ; divFreq:inst1|count[18]       ; clk_50     ; clk_50   ; None                        ; None                      ; 2.965 ns                ;
; N/A                                     ; 314.37 MHz ( period = 3.181 ns )                    ; divFreq:inst1|count[10] ; divFreq:inst1|count[20]       ; clk_50     ; clk_50   ; None                        ; None                      ; 2.965 ns                ;
; N/A                                     ; 314.37 MHz ( period = 3.181 ns )                    ; divFreq:inst1|count[10] ; divFreq:inst1|count[17]       ; clk_50     ; clk_50   ; None                        ; None                      ; 2.965 ns                ;
; N/A                                     ; 314.37 MHz ( period = 3.181 ns )                    ; divFreq:inst1|count[10] ; divFreq:inst1|count[19]       ; clk_50     ; clk_50   ; None                        ; None                      ; 2.965 ns                ;
; N/A                                     ; 314.37 MHz ( period = 3.181 ns )                    ; divFreq:inst1|count[10] ; divFreq:inst1|count[16]       ; clk_50     ; clk_50   ; None                        ; None                      ; 2.965 ns                ;
; N/A                                     ; 314.37 MHz ( period = 3.181 ns )                    ; divFreq:inst1|count[10] ; divFreq:inst1|count[13]       ; clk_50     ; clk_50   ; None                        ; None                      ; 2.965 ns                ;
; N/A                                     ; 314.37 MHz ( period = 3.181 ns )                    ; divFreq:inst1|count[10] ; divFreq:inst1|count[14]       ; clk_50     ; clk_50   ; None                        ; None                      ; 2.965 ns                ;
; N/A                                     ; 314.37 MHz ( period = 3.181 ns )                    ; divFreq:inst1|count[10] ; divFreq:inst1|count[15]       ; clk_50     ; clk_50   ; None                        ; None                      ; 2.965 ns                ;
; N/A                                     ; 315.76 MHz ( period = 3.167 ns )                    ; divFreq:inst1|count[10] ; divFreq:inst1|clk_1Hz_interne ; clk_50     ; clk_50   ; None                        ; None                      ; 2.421 ns                ;
; N/A                                     ; 316.06 MHz ( period = 3.164 ns )                    ; divFreq:inst1|count[22] ; divFreq:inst1|count[22]       ; clk_50     ; clk_50   ; None                        ; None                      ; 2.950 ns                ;
; N/A                                     ; 316.06 MHz ( period = 3.164 ns )                    ; divFreq:inst1|count[22] ; divFreq:inst1|count[21]       ; clk_50     ; clk_50   ; None                        ; None                      ; 2.950 ns                ;
; N/A                                     ; 316.06 MHz ( period = 3.164 ns )                    ; divFreq:inst1|count[22] ; divFreq:inst1|count[18]       ; clk_50     ; clk_50   ; None                        ; None                      ; 2.950 ns                ;
; N/A                                     ; 316.06 MHz ( period = 3.164 ns )                    ; divFreq:inst1|count[22] ; divFreq:inst1|count[20]       ; clk_50     ; clk_50   ; None                        ; None                      ; 2.950 ns                ;
; N/A                                     ; 316.06 MHz ( period = 3.164 ns )                    ; divFreq:inst1|count[22] ; divFreq:inst1|count[17]       ; clk_50     ; clk_50   ; None                        ; None                      ; 2.950 ns                ;
; N/A                                     ; 316.06 MHz ( period = 3.164 ns )                    ; divFreq:inst1|count[22] ; divFreq:inst1|count[19]       ; clk_50     ; clk_50   ; None                        ; None                      ; 2.950 ns                ;
; N/A                                     ; 316.06 MHz ( period = 3.164 ns )                    ; divFreq:inst1|count[22] ; divFreq:inst1|count[16]       ; clk_50     ; clk_50   ; None                        ; None                      ; 2.950 ns                ;
; N/A                                     ; 316.06 MHz ( period = 3.164 ns )                    ; divFreq:inst1|count[22] ; divFreq:inst1|count[13]       ; clk_50     ; clk_50   ; None                        ; None                      ; 2.950 ns                ;
; N/A                                     ; 316.06 MHz ( period = 3.164 ns )                    ; divFreq:inst1|count[22] ; divFreq:inst1|count[14]       ; clk_50     ; clk_50   ; None                        ; None                      ; 2.950 ns                ;
; Timing analysis restricted to 200 rows. ; To change the limit use Settings (Assignments menu) ;                         ;                               ;            ;          ;                             ;                           ;                         ;
+-----------------------------------------+-----------------------------------------------------+-------------------------+-------------------------------+------------+----------+-----------------------------+---------------------------+-------------------------+


+----------------------------------------------------------------------------------------+
; tsu                                                                                    ;
+-------+--------------+------------+------------+----------------------------+----------+
; Slack ; Required tsu ; Actual tsu ; From       ; To                         ; To Clock ;
+-------+--------------+------------+------------+----------------------------+----------+
; N/A   ; None         ; -1.303 ns  ; reset_freq ; compteur:inst2|compteur[1] ; clk_50   ;
; N/A   ; None         ; -1.303 ns  ; reset_freq ; compteur:inst2|compteur[2] ; clk_50   ;
; N/A   ; None         ; -1.303 ns  ; reset_freq ; compteur:inst2|compteur[3] ; clk_50   ;
; N/A   ; None         ; -1.561 ns  ; reset_freq ; compteur:inst2|compteur[0] ; clk_50   ;
+-------+--------------+------------+------------+----------------------------+----------+


+-------------------------------------------------------------------------------------+
; tco                                                                                 ;
+-------+--------------+------------+----------------------------+-------+------------+
; Slack ; Required tco ; Actual tco ; From                       ; To    ; From Clock ;
+-------+--------------+------------+----------------------------+-------+------------+
; N/A   ; None         ; 9.665 ns   ; compteur:inst2|compteur[2] ; a_out ; clk_50     ;
; N/A   ; None         ; 9.659 ns   ; compteur:inst2|compteur[1] ; c_out ; clk_50     ;
; N/A   ; None         ; 9.655 ns   ; compteur:inst2|compteur[1] ; a_out ; clk_50     ;
; N/A   ; None         ; 9.646 ns   ; compteur:inst2|compteur[1] ; b_out ; clk_50     ;
; N/A   ; None         ; 9.636 ns   ; compteur:inst2|compteur[2] ; b_out ; clk_50     ;
; N/A   ; None         ; 9.622 ns   ; compteur:inst2|compteur[2] ; c_out ; clk_50     ;
; N/A   ; None         ; 9.528 ns   ; compteur:inst2|compteur[0] ; a_out ; clk_50     ;
; N/A   ; None         ; 9.508 ns   ; compteur:inst2|compteur[0] ; c_out ; clk_50     ;
; N/A   ; None         ; 9.495 ns   ; compteur:inst2|compteur[0] ; b_out ; clk_50     ;
; N/A   ; None         ; 9.431 ns   ; compteur:inst2|compteur[1] ; e_out ; clk_50     ;
; N/A   ; None         ; 9.430 ns   ; compteur:inst2|compteur[1] ; d_out ; clk_50     ;
; N/A   ; None         ; 9.419 ns   ; compteur:inst2|compteur[1] ; f_out ; clk_50     ;
; N/A   ; None         ; 9.419 ns   ; compteur:inst2|compteur[2] ; e_out ; clk_50     ;
; N/A   ; None         ; 9.419 ns   ; compteur:inst2|compteur[2] ; d_out ; clk_50     ;
; N/A   ; None         ; 9.413 ns   ; compteur:inst2|compteur[1] ; g_out ; clk_50     ;
; N/A   ; None         ; 9.408 ns   ; compteur:inst2|compteur[2] ; f_out ; clk_50     ;
; N/A   ; None         ; 9.399 ns   ; compteur:inst2|compteur[2] ; g_out ; clk_50     ;
; N/A   ; None         ; 9.279 ns   ; compteur:inst2|compteur[0] ; d_out ; clk_50     ;
; N/A   ; None         ; 9.268 ns   ; compteur:inst2|compteur[0] ; f_out ; clk_50     ;
; N/A   ; None         ; 9.257 ns   ; compteur:inst2|compteur[0] ; g_out ; clk_50     ;
; N/A   ; None         ; 9.249 ns   ; compteur:inst2|compteur[0] ; e_out ; clk_50     ;
; N/A   ; None         ; 9.152 ns   ; compteur:inst2|compteur[3] ; a_out ; clk_50     ;
; N/A   ; None         ; 9.131 ns   ; compteur:inst2|compteur[3] ; c_out ; clk_50     ;
; N/A   ; None         ; 9.120 ns   ; compteur:inst2|compteur[3] ; b_out ; clk_50     ;
; N/A   ; None         ; 8.903 ns   ; compteur:inst2|compteur[3] ; e_out ; clk_50     ;
; N/A   ; None         ; 8.903 ns   ; compteur:inst2|compteur[3] ; d_out ; clk_50     ;
; N/A   ; None         ; 8.891 ns   ; compteur:inst2|compteur[3] ; g_out ; clk_50     ;
; N/A   ; None         ; 8.891 ns   ; compteur:inst2|compteur[3] ; f_out ; clk_50     ;
+-------+--------------+------------+----------------------------+-------+------------+


+----------------------------------------------------------------------------------------------+
; th                                                                                           ;
+---------------+-------------+-----------+------------+----------------------------+----------+
; Minimum Slack ; Required th ; Actual th ; From       ; To                         ; To Clock ;
+---------------+-------------+-----------+------------+----------------------------+----------+
; N/A           ; None        ; 1.791 ns  ; reset_freq ; compteur:inst2|compteur[0] ; clk_50   ;
; N/A           ; None        ; 1.533 ns  ; reset_freq ; compteur:inst2|compteur[1] ; clk_50   ;
; N/A           ; None        ; 1.533 ns  ; reset_freq ; compteur:inst2|compteur[2] ; clk_50   ;
; N/A           ; None        ; 1.533 ns  ; reset_freq ; compteur:inst2|compteur[3] ; clk_50   ;
+---------------+-------------+-----------+------------+----------------------------+----------+


+--------------------------+
; Timing Analyzer Messages ;
+--------------------------+
Info: *******************************************************************
Info: Running Quartus II Classic Timing Analyzer
    Info: Version 9.0 Build 235 06/17/2009 Service Pack 2 SJ Web Edition
    Info: Processing started: Fri Sep 10 10:24:28 2021
Info: Command: quartus_tan --read_settings_files=off --write_settings_files=off projet_complet -c projet_complet --timing_analysis_only
Warning: Found pins functioning as undefined clocks and/or memory enables
    Info: Assuming node "clk_50" is an undefined clock
Warning: Found 1 node(s) in clock paths which may be acting as ripple and/or gated clocks -- node(s) analyzed as buffer(s) resulting in clock skew
    Info: Detected ripple clock "divFreq:inst1|clk_1Hz_interne" as buffer
Info: Clock "clk_50" has Internal fmax of 275.48 MHz between source register "divFreq:inst1|count[13]" and destination register "divFreq:inst1|count[24]" (period= 3.63 ns)
    Info: + Longest register to register delay is 3.416 ns
        Info: 1: + IC(0.000 ns) + CELL(0.000 ns) = 0.000 ns; Loc. = LCFF_X2_Y16_N1; Fanout = 3; REG Node = 'divFreq:inst1|count[13]'
        Info: 2: + IC(0.514 ns) + CELL(0.438 ns) = 0.952 ns; Loc. = LCCOMB_X2_Y16_N26; Fanout = 1; COMB Node = 'divFreq:inst1|LessThan0~1'
        Info: 3: + IC(0.697 ns) + CELL(0.150 ns) = 1.799 ns; Loc. = LCCOMB_X2_Y17_N2; Fanout = 1; COMB Node = 'divFreq:inst1|LessThan0~3'
        Info: 4: + IC(0.251 ns) + CELL(0.150 ns) = 2.200 ns; Loc. = LCCOMB_X2_Y17_N4; Fanout = 27; COMB Node = 'divFreq:inst1|LessThan0~6'
        Info: 5: + IC(0.706 ns) + CELL(0.510 ns) = 3.416 ns; Loc. = LCFF_X2_Y16_N23; Fanout = 4; REG Node = 'divFreq:inst1|count[24]'
        Info: Total cell delay = 1.248 ns ( 36.53 % )
        Info: Total interconnect delay = 2.168 ns ( 63.47 % )
    Info: - Smallest clock skew is 0.000 ns
        Info: + Shortest clock path from clock "clk_50" to destination register is 2.677 ns
            Info: 1: + IC(0.000 ns) + CELL(0.999 ns) = 0.999 ns; Loc. = PIN_N2; Fanout = 2; CLK Node = 'clk_50'
            Info: 2: + IC(0.118 ns) + CELL(0.000 ns) = 1.117 ns; Loc. = CLKCTRL_G2; Fanout = 26; COMB Node = 'clk_50~clkctrl'
            Info: 3: + IC(1.023 ns) + CELL(0.537 ns) = 2.677 ns; Loc. = LCFF_X2_Y16_N23; Fanout = 4; REG Node = 'divFreq:inst1|count[24]'
            Info: Total cell delay = 1.536 ns ( 57.38 % )
            Info: Total interconnect delay = 1.141 ns ( 42.62 % )
        Info: - Longest clock path from clock "clk_50" to source register is 2.677 ns
            Info: 1: + IC(0.000 ns) + CELL(0.999 ns) = 0.999 ns; Loc. = PIN_N2; Fanout = 2; CLK Node = 'clk_50'
            Info: 2: + IC(0.118 ns) + CELL(0.000 ns) = 1.117 ns; Loc. = CLKCTRL_G2; Fanout = 26; COMB Node = 'clk_50~clkctrl'
            Info: 3: + IC(1.023 ns) + CELL(0.537 ns) = 2.677 ns; Loc. = LCFF_X2_Y16_N1; Fanout = 3; REG Node = 'divFreq:inst1|count[13]'
            Info: Total cell delay = 1.536 ns ( 57.38 % )
            Info: Total interconnect delay = 1.141 ns ( 42.62 % )
    Info: + Micro clock to output delay of source is 0.250 ns
    Info: + Micro setup delay of destination is -0.036 ns
Info: tsu for register "compteur:inst2|compteur[1]" (data pin = "reset_freq", clock pin = "clk_50") is -1.303 ns
    Info: + Longest pin to register delay is 3.527 ns
        Info: 1: + IC(0.000 ns) + CELL(0.999 ns) = 0.999 ns; Loc. = PIN_N25; Fanout = 5; PIN Node = 'reset_freq'
        Info: 2: + IC(2.018 ns) + CELL(0.510 ns) = 3.527 ns; Loc. = LCFF_X28_Y1_N1; Fanout = 10; REG Node = 'compteur:inst2|compteur[1]'
        Info: Total cell delay = 1.509 ns ( 42.78 % )
        Info: Total interconnect delay = 2.018 ns ( 57.22 % )
    Info: + Micro setup delay of destination is -0.036 ns
    Info: - Shortest clock path from clock "clk_50" to destination register is 4.794 ns
        Info: 1: + IC(0.000 ns) + CELL(0.999 ns) = 0.999 ns; Loc. = PIN_N2; Fanout = 2; CLK Node = 'clk_50'
        Info: 2: + IC(0.611 ns) + CELL(0.787 ns) = 2.397 ns; Loc. = LCFF_X1_Y17_N1; Fanout = 2; REG Node = 'divFreq:inst1|clk_1Hz_interne'
        Info: 3: + IC(0.805 ns) + CELL(0.000 ns) = 3.202 ns; Loc. = CLKCTRL_G3; Fanout = 4; COMB Node = 'divFreq:inst1|clk_1Hz_interne~clkctrl'
        Info: 4: + IC(1.055 ns) + CELL(0.537 ns) = 4.794 ns; Loc. = LCFF_X28_Y1_N1; Fanout = 10; REG Node = 'compteur:inst2|compteur[1]'
        Info: Total cell delay = 2.323 ns ( 48.46 % )
        Info: Total interconnect delay = 2.471 ns ( 51.54 % )
Info: tco from clock "clk_50" to destination pin "a_out" through register "compteur:inst2|compteur[2]" is 9.665 ns
    Info: + Longest clock path from clock "clk_50" to source register is 4.794 ns
        Info: 1: + IC(0.000 ns) + CELL(0.999 ns) = 0.999 ns; Loc. = PIN_N2; Fanout = 2; CLK Node = 'clk_50'
        Info: 2: + IC(0.611 ns) + CELL(0.787 ns) = 2.397 ns; Loc. = LCFF_X1_Y17_N1; Fanout = 2; REG Node = 'divFreq:inst1|clk_1Hz_interne'
        Info: 3: + IC(0.805 ns) + CELL(0.000 ns) = 3.202 ns; Loc. = CLKCTRL_G3; Fanout = 4; COMB Node = 'divFreq:inst1|clk_1Hz_interne~clkctrl'
        Info: 4: + IC(1.055 ns) + CELL(0.537 ns) = 4.794 ns; Loc. = LCFF_X28_Y1_N3; Fanout = 9; REG Node = 'compteur:inst2|compteur[2]'
        Info: Total cell delay = 2.323 ns ( 48.46 % )
        Info: Total interconnect delay = 2.471 ns ( 51.54 % )
    Info: + Micro clock to output delay of source is 0.250 ns
    Info: + Longest register to pin delay is 4.621 ns
        Info: 1: + IC(0.000 ns) + CELL(0.000 ns) = 0.000 ns; Loc. = LCFF_X28_Y1_N3; Fanout = 9; REG Node = 'compteur:inst2|compteur[2]'
        Info: 2: + IC(0.587 ns) + CELL(0.416 ns) = 1.003 ns; Loc. = LCCOMB_X28_Y1_N24; Fanout = 1; COMB Node = 'bcd7seg:inst3|Mux0~0'
        Info: 3: + IC(0.820 ns) + CELL(2.798 ns) = 4.621 ns; Loc. = PIN_AF10; Fanout = 0; PIN Node = 'a_out'
        Info: Total cell delay = 3.214 ns ( 69.55 % )
        Info: Total interconnect delay = 1.407 ns ( 30.45 % )
Info: th for register "compteur:inst2|compteur[0]" (data pin = "reset_freq", clock pin = "clk_50") is 1.791 ns
    Info: + Longest clock path from clock "clk_50" to destination register is 4.794 ns
        Info: 1: + IC(0.000 ns) + CELL(0.999 ns) = 0.999 ns; Loc. = PIN_N2; Fanout = 2; CLK Node = 'clk_50'
        Info: 2: + IC(0.611 ns) + CELL(0.787 ns) = 2.397 ns; Loc. = LCFF_X1_Y17_N1; Fanout = 2; REG Node = 'divFreq:inst1|clk_1Hz_interne'
        Info: 3: + IC(0.805 ns) + CELL(0.000 ns) = 3.202 ns; Loc. = CLKCTRL_G3; Fanout = 4; COMB Node = 'divFreq:inst1|clk_1Hz_interne~clkctrl'
        Info: 4: + IC(1.055 ns) + CELL(0.537 ns) = 4.794 ns; Loc. = LCFF_X28_Y1_N7; Fanout = 11; REG Node = 'compteur:inst2|compteur[0]'
        Info: Total cell delay = 2.323 ns ( 48.46 % )
        Info: Total interconnect delay = 2.471 ns ( 51.54 % )
    Info: + Micro hold delay of destination is 0.266 ns
    Info: - Shortest pin to register delay is 3.269 ns
        Info: 1: + IC(0.000 ns) + CELL(0.999 ns) = 0.999 ns; Loc. = PIN_N25; Fanout = 5; PIN Node = 'reset_freq'
        Info: 2: + IC(2.036 ns) + CELL(0.150 ns) = 3.185 ns; Loc. = LCCOMB_X28_Y1_N6; Fanout = 1; COMB Node = 'compteur:inst2|compteur~4'
        Info: 3: + IC(0.000 ns) + CELL(0.084 ns) = 3.269 ns; Loc. = LCFF_X28_Y1_N7; Fanout = 11; REG Node = 'compteur:inst2|compteur[0]'
        Info: Total cell delay = 1.233 ns ( 37.72 % )
        Info: Total interconnect delay = 2.036 ns ( 62.28 % )
Info: Quartus II Classic Timing Analyzer was successful. 0 errors, 2 warnings
    Info: Peak virtual memory: 173 megabytes
    Info: Processing ended: Fri Sep 10 10:24:29 2021
    Info: Elapsed time: 00:00:01
    Info: Total CPU time (on all processors): 00:00:00


