Classic Timing Analyzer report for ent_add1
Fri Sep 03 11:10:18 2021
Quartus II Version 9.0 Build 235 06/17/2009 Service Pack 2 SJ Web Edition


---------------------
; Table of Contents ;
---------------------
  1. Legal Notice
  2. Timing Analyzer Summary
  3. Timing Analyzer Settings
  4. Parallel Compilation
  5. tpd
  6. Timing Analyzer Messages



----------------
; Legal Notice ;
----------------
Copyright (C) 1991-2009 Altera Corporation
Your use of Altera Corporation's design tools, logic functions 
and other software and tools, and its AMPP partner logic 
functions, and any output files from any of the foregoing 
(including device programming or simulation files), and any 
associated documentation or information are expressly subject 
to the terms and conditions of the Altera Program License 
Subscription Agreement, Altera MegaCore Function License 
Agreement, or other applicable license agreement, including, 
without limitation, that your use is for the sole purpose of 
programming logic devices manufactured by Altera and sold by 
Altera or its authorized distributors.  Please refer to the 
applicable agreement for further details.



+-------------------------------------------------------------------------------------------------------------------------+
; Timing Analyzer Summary                                                                                                 ;
+------------------------------+-------+---------------+-------------+------+------+------------+----------+--------------+
; Type                         ; Slack ; Required Time ; Actual Time ; From ; To   ; From Clock ; To Clock ; Failed Paths ;
+------------------------------+-------+---------------+-------------+------+------+------------+----------+--------------+
; Worst-case tpd               ; N/A   ; None          ; 8.079 ns    ; A0   ; Cout ; --         ; --       ; 0            ;
; Total number of failed paths ;       ;               ;             ;      ;      ;            ;          ; 0            ;
+------------------------------+-------+---------------+-------------+------+------+------------+----------+--------------+


+--------------------------------------------------------------------------------------------------------------------+
; Timing Analyzer Settings                                                                                           ;
+---------------------------------------------------------------------+--------------------+------+----+-------------+
; Option                                                              ; Setting            ; From ; To ; Entity Name ;
+---------------------------------------------------------------------+--------------------+------+----+-------------+
; Device Name                                                         ; EP2C35F672C6       ;      ;    ;             ;
; Timing Models                                                       ; Final              ;      ;    ;             ;
; Default hold multicycle                                             ; Same as Multicycle ;      ;    ;             ;
; Cut paths between unrelated clock domains                           ; On                 ;      ;    ;             ;
; Cut off read during write signal paths                              ; On                 ;      ;    ;             ;
; Cut off feedback from I/O pins                                      ; On                 ;      ;    ;             ;
; Report Combined Fast/Slow Timing                                    ; Off                ;      ;    ;             ;
; Ignore Clock Settings                                               ; Off                ;      ;    ;             ;
; Analyze latches as synchronous elements                             ; On                 ;      ;    ;             ;
; Enable Recovery/Removal analysis                                    ; Off                ;      ;    ;             ;
; Enable Clock Latency                                                ; Off                ;      ;    ;             ;
; Use TimeQuest Timing Analyzer                                       ; Off                ;      ;    ;             ;
; Minimum Core Junction Temperature                                   ; 0                  ;      ;    ;             ;
; Maximum Core Junction Temperature                                   ; 85                 ;      ;    ;             ;
; Number of source nodes to report per destination node               ; 10                 ;      ;    ;             ;
; Number of destination nodes to report                               ; 10                 ;      ;    ;             ;
; Number of paths to report                                           ; 200                ;      ;    ;             ;
; Report Minimum Timing Checks                                        ; Off                ;      ;    ;             ;
; Use Fast Timing Models                                              ; Off                ;      ;    ;             ;
; Report IO Paths Separately                                          ; Off                ;      ;    ;             ;
; Perform Multicorner Analysis                                        ; On                 ;      ;    ;             ;
; Reports the worst-case path for each clock domain and analysis      ; Off                ;      ;    ;             ;
; Removes common clock path pessimism (CCPP) during slack computation ; Off                ;      ;    ;             ;
; Output I/O Timing Endpoint                                          ; Near End           ;      ;    ;             ;
+---------------------------------------------------------------------+--------------------+------+----+-------------+


Parallel compilation was disabled, but you have multiple processors available. Enable parallel compilation to reduce compilation time.
+-------------------------------------+
; Parallel Compilation                ;
+----------------------------+--------+
; Processors                 ; Number ;
+----------------------------+--------+
; Number detected on machine ; 4      ;
; Maximum allowed            ; 1      ;
+----------------------------+--------+


+-----------------------------------------------------------+
; tpd                                                       ;
+-------+-------------------+-----------------+------+------+
; Slack ; Required P2P Time ; Actual P2P Time ; From ; To   ;
+-------+-------------------+-----------------+------+------+
; N/A   ; None              ; 8.079 ns        ; A0   ; Cout ;
; N/A   ; None              ; 8.077 ns        ; A0   ; S2   ;
; N/A   ; None              ; 7.998 ns        ; Cin  ; Cout ;
; N/A   ; None              ; 7.996 ns        ; Cin  ; S2   ;
; N/A   ; None              ; 7.712 ns        ; B0   ; Cout ;
; N/A   ; None              ; 7.710 ns        ; B0   ; S2   ;
; N/A   ; None              ; 7.394 ns        ; A0   ; S1   ;
; N/A   ; None              ; 7.313 ns        ; Cin  ; S1   ;
; N/A   ; None              ; 7.120 ns        ; A1   ; Cout ;
; N/A   ; None              ; 7.118 ns        ; A1   ; S2   ;
; N/A   ; None              ; 7.071 ns        ; B1   ; Cout ;
; N/A   ; None              ; 7.069 ns        ; B1   ; S2   ;
; N/A   ; None              ; 7.027 ns        ; B0   ; S1   ;
; N/A   ; None              ; 6.724 ns        ; A0   ; S0   ;
; N/A   ; None              ; 6.642 ns        ; Cin  ; S0   ;
; N/A   ; None              ; 6.440 ns        ; A1   ; S1   ;
; N/A   ; None              ; 6.394 ns        ; A2   ; Cout ;
; N/A   ; None              ; 6.393 ns        ; A2   ; S2   ;
; N/A   ; None              ; 6.389 ns        ; B1   ; S1   ;
; N/A   ; None              ; 6.357 ns        ; B0   ; S0   ;
; N/A   ; None              ; 6.281 ns        ; B2   ; S2   ;
; N/A   ; None              ; 6.279 ns        ; B2   ; Cout ;
+-------+-------------------+-----------------+------+------+


+--------------------------+
; Timing Analyzer Messages ;
+--------------------------+
Info: *******************************************************************
Info: Running Quartus II Classic Timing Analyzer
    Info: Version 9.0 Build 235 06/17/2009 Service Pack 2 SJ Web Edition
    Info: Processing started: Fri Sep 03 11:10:18 2021
Info: Command: quartus_tan --read_settings_files=off --write_settings_files=off ent_add1 -c ent_add1 --timing_analysis_only
Info: Longest tpd from source pin "A0" to destination pin "Cout" is 8.079 ns
    Info: 1: + IC(0.000 ns) + CELL(0.999 ns) = 0.999 ns; Loc. = PIN_N25; Fanout = 2; PIN Node = 'A0'
    Info: 2: + IC(1.903 ns) + CELL(0.438 ns) = 3.340 ns; Loc. = LCCOMB_X64_Y1_N2; Fanout = 2; COMB Node = 'ent_add1:inst|Cout~5'
    Info: 3: + IC(0.252 ns) + CELL(0.420 ns) = 4.012 ns; Loc. = LCCOMB_X64_Y1_N6; Fanout = 2; COMB Node = 'ent_add1:inst1|Cout~5'
    Info: 4: + IC(0.270 ns) + CELL(0.438 ns) = 4.720 ns; Loc. = LCCOMB_X64_Y1_N18; Fanout = 1; COMB Node = 'ent_add1:inst2|Cout~5'
    Info: 5: + IC(0.571 ns) + CELL(2.788 ns) = 8.079 ns; Loc. = PIN_AC22; Fanout = 0; PIN Node = 'Cout'
    Info: Total cell delay = 5.083 ns ( 62.92 % )
    Info: Total interconnect delay = 2.996 ns ( 37.08 % )
Info: Quartus II Classic Timing Analyzer was successful. 0 errors, 0 warnings
    Info: Peak virtual memory: 173 megabytes
    Info: Processing ended: Fri Sep 03 11:10:18 2021
    Info: Elapsed time: 00:00:00
    Info: Total CPU time (on all processors): 00:00:00


