Classic Timing Analyzer report for pwm
Fri Sep 10 10:54:49 2021
Quartus II Version 9.0 Build 235 06/17/2009 Service Pack 2 SJ Web Edition


---------------------
; Table of Contents ;
---------------------
  1. Legal Notice
  2. Timing Analyzer Summary
  3. Timing Analyzer Settings
  4. Parallel Compilation
  5. tpd
  6. Timing Analyzer Messages



----------------
; Legal Notice ;
----------------
Copyright (C) 1991-2009 Altera Corporation
Your use of Altera Corporation's design tools, logic functions 
and other software and tools, and its AMPP partner logic 
functions, and any output files from any of the foregoing 
(including device programming or simulation files), and any 
associated documentation or information are expressly subject 
to the terms and conditions of the Altera Program License 
Subscription Agreement, Altera MegaCore Function License 
Agreement, or other applicable license agreement, including, 
without limitation, that your use is for the sole purpose of 
programming logic devices manufactured by Altera and sold by 
Altera or its authorized distributors.  Please refer to the 
applicable agreement for further details.



+-------------------------------------------------------------------------------------------------------------------------+
; Timing Analyzer Summary                                                                                                 ;
+------------------------------+-------+---------------+-------------+------+------+------------+----------+--------------+
; Type                         ; Slack ; Required Time ; Actual Time ; From ; To   ; From Clock ; To Clock ; Failed Paths ;
+------------------------------+-------+---------------+-------------+------+------+------------+----------+--------------+
; Worst-case tpd               ; N/A   ; None          ; 11.564 ns   ; A[6] ; egal ; --         ; --       ; 0            ;
; Total number of failed paths ;       ;               ;             ;      ;      ;            ;          ; 0            ;
+------------------------------+-------+---------------+-------------+------+------+------------+----------+--------------+


+--------------------------------------------------------------------------------------------------------------------+
; Timing Analyzer Settings                                                                                           ;
+---------------------------------------------------------------------+--------------------+------+----+-------------+
; Option                                                              ; Setting            ; From ; To ; Entity Name ;
+---------------------------------------------------------------------+--------------------+------+----+-------------+
; Device Name                                                         ; EP2C35F672C6       ;      ;    ;             ;
; Timing Models                                                       ; Final              ;      ;    ;             ;
; Default hold multicycle                                             ; Same as Multicycle ;      ;    ;             ;
; Cut paths between unrelated clock domains                           ; On                 ;      ;    ;             ;
; Cut off read during write signal paths                              ; On                 ;      ;    ;             ;
; Cut off feedback from I/O pins                                      ; On                 ;      ;    ;             ;
; Report Combined Fast/Slow Timing                                    ; Off                ;      ;    ;             ;
; Ignore Clock Settings                                               ; Off                ;      ;    ;             ;
; Analyze latches as synchronous elements                             ; On                 ;      ;    ;             ;
; Enable Recovery/Removal analysis                                    ; Off                ;      ;    ;             ;
; Enable Clock Latency                                                ; Off                ;      ;    ;             ;
; Use TimeQuest Timing Analyzer                                       ; Off                ;      ;    ;             ;
; Minimum Core Junction Temperature                                   ; 0                  ;      ;    ;             ;
; Maximum Core Junction Temperature                                   ; 85                 ;      ;    ;             ;
; Number of source nodes to report per destination node               ; 10                 ;      ;    ;             ;
; Number of destination nodes to report                               ; 10                 ;      ;    ;             ;
; Number of paths to report                                           ; 200                ;      ;    ;             ;
; Report Minimum Timing Checks                                        ; Off                ;      ;    ;             ;
; Use Fast Timing Models                                              ; Off                ;      ;    ;             ;
; Report IO Paths Separately                                          ; Off                ;      ;    ;             ;
; Perform Multicorner Analysis                                        ; On                 ;      ;    ;             ;
; Reports the worst-case path for each clock domain and analysis      ; Off                ;      ;    ;             ;
; Removes common clock path pessimism (CCPP) during slack computation ; Off                ;      ;    ;             ;
; Output I/O Timing Endpoint                                          ; Near End           ;      ;    ;             ;
+---------------------------------------------------------------------+--------------------+------+----+-------------+


Parallel compilation was disabled, but you have multiple processors available. Enable parallel compilation to reduce compilation time.
+-------------------------------------+
; Parallel Compilation                ;
+----------------------------+--------+
; Processors                 ; Number ;
+----------------------------+--------+
; Number detected on machine ; 4      ;
; Maximum allowed            ; 1      ;
+----------------------------+--------+


+-----------------------------------------------------------+
; tpd                                                       ;
+-------+-------------------+-----------------+------+------+
; Slack ; Required P2P Time ; Actual P2P Time ; From ; To   ;
+-------+-------------------+-----------------+------+------+
; N/A   ; None              ; 11.564 ns       ; A[6] ; egal ;
; N/A   ; None              ; 11.451 ns       ; B[4] ; egal ;
; N/A   ; None              ; 11.289 ns       ; B[2] ; egal ;
; N/A   ; None              ; 11.221 ns       ; A[5] ; egal ;
; N/A   ; None              ; 11.179 ns       ; B[6] ; egal ;
; N/A   ; None              ; 10.980 ns       ; B[1] ; egal ;
; N/A   ; None              ; 10.926 ns       ; A[3] ; egal ;
; N/A   ; None              ; 10.685 ns       ; B[3] ; egal ;
; N/A   ; None              ; 10.569 ns       ; B[0] ; egal ;
; N/A   ; None              ; 10.107 ns       ; B[5] ; egal ;
; N/A   ; None              ; 10.043 ns       ; A[4] ; egal ;
; N/A   ; None              ; 9.871 ns        ; B[7] ; egal ;
; N/A   ; None              ; 9.870 ns        ; A[0] ; egal ;
; N/A   ; None              ; 9.742 ns        ; A[2] ; egal ;
; N/A   ; None              ; 6.458 ns        ; A[1] ; egal ;
; N/A   ; None              ; 6.080 ns        ; A[7] ; egal ;
+-------+-------------------+-----------------+------+------+


+--------------------------+
; Timing Analyzer Messages ;
+--------------------------+
Info: *******************************************************************
Info: Running Quartus II Classic Timing Analyzer
    Info: Version 9.0 Build 235 06/17/2009 Service Pack 2 SJ Web Edition
    Info: Processing started: Fri Sep 10 10:54:48 2021
Info: Command: quartus_tan --read_settings_files=off --write_settings_files=off pwm -c pwm --timing_analysis_only
Info: Longest tpd from source pin "A[6]" to destination pin "egal" is 11.564 ns
    Info: 1: + IC(0.000 ns) + CELL(0.860 ns) = 0.860 ns; Loc. = PIN_AF9; Fanout = 1; PIN Node = 'A[6]'
    Info: 2: + IC(6.324 ns) + CELL(0.438 ns) = 7.622 ns; Loc. = LCCOMB_X23_Y33_N14; Fanout = 1; COMB Node = 'Equal0~3'
    Info: 3: + IC(0.247 ns) + CELL(0.275 ns) = 8.144 ns; Loc. = LCCOMB_X23_Y33_N8; Fanout = 1; COMB Node = 'Equal0~4'
    Info: 4: + IC(0.622 ns) + CELL(2.798 ns) = 11.564 ns; Loc. = PIN_B10; Fanout = 0; PIN Node = 'egal'
    Info: Total cell delay = 4.371 ns ( 37.80 % )
    Info: Total interconnect delay = 7.193 ns ( 62.20 % )
Info: Quartus II Classic Timing Analyzer was successful. 0 errors, 0 warnings
    Info: Peak virtual memory: 173 megabytes
    Info: Processing ended: Fri Sep 10 10:54:49 2021
    Info: Elapsed time: 00:00:01
    Info: Total CPU time (on all processors): 00:00:00


