Classic Timing Analyzer report for compteur_q9
Wed Sep 08 00:34:55 2021
Quartus II Version 9.1 Build 350 03/24/2010 Service Pack 2 SJ Web Edition


---------------------
; Table of Contents ;
---------------------
  1. Legal Notice
  2. Timing Analyzer Summary
  3. Timing Analyzer Settings
  4. Clock Settings Summary
  5. Parallel Compilation
  6. Clock Setup: 'clk_50MHz'
  7. tco
  8. Timing Analyzer Messages



----------------
; Legal Notice ;
----------------
Copyright (C) 1991-2010 Altera Corporation
Your use of Altera Corporation's design tools, logic functions 
and other software and tools, and its AMPP partner logic 
functions, and any output files from any of the foregoing 
(including device programming or simulation files), and any 
associated documentation or information are expressly subject 
to the terms and conditions of the Altera Program License 
Subscription Agreement, Altera MegaCore Function License 
Agreement, or other applicable license agreement, including, 
without limitation, that your use is for the sole purpose of 
programming logic devices manufactured by Altera and sold by 
Altera or its authorized distributors.  Please refer to the 
applicable agreement for further details.



+--------------------------------------------------------------------------------------------------------------------------------------------------------------+
; Timing Analyzer Summary                                                                                                                                      ;
+------------------------------+-------+---------------+----------------------------------+-----------------+----------+------------+-----------+--------------+
; Type                         ; Slack ; Required Time ; Actual Time                      ; From            ; To       ; From Clock ; To Clock  ; Failed Paths ;
+------------------------------+-------+---------------+----------------------------------+-----------------+----------+------------+-----------+--------------+
; Worst-case tco               ; N/A   ; None          ; 6.079 ns                         ; clk_1Hz_interne ; clk_1Hz  ; clk_50MHz  ; --        ; 0            ;
; Clock Setup: 'clk_50MHz'     ; N/A   ; None          ; 278.47 MHz ( period = 3.591 ns ) ; count[8]        ; count[0] ; clk_50MHz  ; clk_50MHz ; 0            ;
; Total number of failed paths ;       ;               ;                                  ;                 ;          ;            ;           ; 0            ;
+------------------------------+-------+---------------+----------------------------------+-----------------+----------+------------+-----------+--------------+


+-----------------------------------------------------------------------------------------------------------------------------------------------------+
; Timing Analyzer Settings                                                                                                                            ;
+------------------------------------------------------------------------------------------------------+--------------------+------+----+-------------+
; Option                                                                                               ; Setting            ; From ; To ; Entity Name ;
+------------------------------------------------------------------------------------------------------+--------------------+------+----+-------------+
; Device Name                                                                                          ; EP2C35F672C6       ;      ;    ;             ;
; Timing Models                                                                                        ; Final              ;      ;    ;             ;
; Default hold multicycle                                                                              ; Same as Multicycle ;      ;    ;             ;
; Cut paths between unrelated clock domains                                                            ; On                 ;      ;    ;             ;
; Cut off read during write signal paths                                                               ; On                 ;      ;    ;             ;
; Cut off feedback from I/O pins                                                                       ; On                 ;      ;    ;             ;
; Report Combined Fast/Slow Timing                                                                     ; Off                ;      ;    ;             ;
; Ignore Clock Settings                                                                                ; Off                ;      ;    ;             ;
; Analyze latches as synchronous elements                                                              ; On                 ;      ;    ;             ;
; Enable Recovery/Removal analysis                                                                     ; Off                ;      ;    ;             ;
; Enable Clock Latency                                                                                 ; Off                ;      ;    ;             ;
; Use TimeQuest Timing Analyzer                                                                        ; Off                ;      ;    ;             ;
; Minimum Core Junction Temperature                                                                    ; 0                  ;      ;    ;             ;
; Maximum Core Junction Temperature                                                                    ; 85                 ;      ;    ;             ;
; Number of source nodes to report per destination node                                                ; 10                 ;      ;    ;             ;
; Number of destination nodes to report                                                                ; 10                 ;      ;    ;             ;
; Number of paths to report                                                                            ; 200                ;      ;    ;             ;
; Report Minimum Timing Checks                                                                         ; Off                ;      ;    ;             ;
; Use Fast Timing Models                                                                               ; Off                ;      ;    ;             ;
; Report IO Paths Separately                                                                           ; Off                ;      ;    ;             ;
; Perform Multicorner Analysis                                                                         ; On                 ;      ;    ;             ;
; Reports the worst-case path for each clock domain and analysis                                       ; Off                ;      ;    ;             ;
; Reports worst-case timing paths for each clock domain and analysis                                   ; On                 ;      ;    ;             ;
; Specifies the maximum number of worst-case timing paths to report for each clock domain and analysis ; 100                ;      ;    ;             ;
; Removes common clock path pessimism (CCPP) during slack computation                                  ; Off                ;      ;    ;             ;
; Output I/O Timing Endpoint                                                                           ; Near End           ;      ;    ;             ;
+------------------------------------------------------------------------------------------------------+--------------------+------+----+-------------+


+------------------------------------------------------------------------------------------------------------------------------------------------------------------------------------+
; Clock Settings Summary                                                                                                                                                             ;
+-----------------+--------------------+----------+------------------+---------------+--------------+----------+-----------------------+---------------------+--------+--------------+
; Clock Node Name ; Clock Setting Name ; Type     ; Fmax Requirement ; Early Latency ; Late Latency ; Based on ; Multiply Base Fmax by ; Divide Base Fmax by ; Offset ; Phase offset ;
+-----------------+--------------------+----------+------------------+---------------+--------------+----------+-----------------------+---------------------+--------+--------------+
; clk_50MHz       ;                    ; User Pin ; None             ; 0.000 ns      ; 0.000 ns     ; --       ; N/A                   ; N/A                 ; N/A    ;              ;
+-----------------+--------------------+----------+------------------+---------------+--------------+----------+-----------------------+---------------------+--------+--------------+


Parallel compilation was disabled, but you have multiple processors available. Enable parallel compilation to reduce compilation time.
+-------------------------------------+
; Parallel Compilation                ;
+----------------------------+--------+
; Processors                 ; Number ;
+----------------------------+--------+
; Number detected on machine ; 2      ;
; Maximum allowed            ; 1      ;
+----------------------------+--------+


+------------------------------------------------------------------------------------------------------------------------------------------------------------------------------------------------------------------------------------+
; Clock Setup: 'clk_50MHz'                                                                                                                                                                                                           ;
+-----------------------------------------+-----------------------------------------------------+-----------+-----------+------------+-----------+-----------------------------+---------------------------+-------------------------+
; Slack                                   ; Actual fmax (period)                                ; From      ; To        ; From Clock ; To Clock  ; Required Setup Relationship ; Required Longest P2P Time ; Actual Longest P2P Time ;
+-----------------------------------------+-----------------------------------------------------+-----------+-----------+------------+-----------+-----------------------------+---------------------------+-------------------------+
; N/A                                     ; 278.47 MHz ( period = 3.591 ns )                    ; count[8]  ; count[11] ; clk_50MHz  ; clk_50MHz ; None                        ; None                      ; 3.377 ns                ;
; N/A                                     ; 278.47 MHz ( period = 3.591 ns )                    ; count[8]  ; count[7]  ; clk_50MHz  ; clk_50MHz ; None                        ; None                      ; 3.377 ns                ;
; N/A                                     ; 278.47 MHz ( period = 3.591 ns )                    ; count[8]  ; count[9]  ; clk_50MHz  ; clk_50MHz ; None                        ; None                      ; 3.377 ns                ;
; N/A                                     ; 278.47 MHz ( period = 3.591 ns )                    ; count[8]  ; count[8]  ; clk_50MHz  ; clk_50MHz ; None                        ; None                      ; 3.377 ns                ;
; N/A                                     ; 278.47 MHz ( period = 3.591 ns )                    ; count[8]  ; count[10] ; clk_50MHz  ; clk_50MHz ; None                        ; None                      ; 3.377 ns                ;
; N/A                                     ; 278.47 MHz ( period = 3.591 ns )                    ; count[8]  ; count[12] ; clk_50MHz  ; clk_50MHz ; None                        ; None                      ; 3.377 ns                ;
; N/A                                     ; 278.47 MHz ( period = 3.591 ns )                    ; count[8]  ; count[6]  ; clk_50MHz  ; clk_50MHz ; None                        ; None                      ; 3.377 ns                ;
; N/A                                     ; 278.47 MHz ( period = 3.591 ns )                    ; count[8]  ; count[5]  ; clk_50MHz  ; clk_50MHz ; None                        ; None                      ; 3.377 ns                ;
; N/A                                     ; 278.47 MHz ( period = 3.591 ns )                    ; count[8]  ; count[4]  ; clk_50MHz  ; clk_50MHz ; None                        ; None                      ; 3.377 ns                ;
; N/A                                     ; 278.47 MHz ( period = 3.591 ns )                    ; count[8]  ; count[3]  ; clk_50MHz  ; clk_50MHz ; None                        ; None                      ; 3.377 ns                ;
; N/A                                     ; 278.47 MHz ( period = 3.591 ns )                    ; count[8]  ; count[2]  ; clk_50MHz  ; clk_50MHz ; None                        ; None                      ; 3.377 ns                ;
; N/A                                     ; 278.47 MHz ( period = 3.591 ns )                    ; count[8]  ; count[1]  ; clk_50MHz  ; clk_50MHz ; None                        ; None                      ; 3.377 ns                ;
; N/A                                     ; 278.47 MHz ( period = 3.591 ns )                    ; count[8]  ; count[0]  ; clk_50MHz  ; clk_50MHz ; None                        ; None                      ; 3.377 ns                ;
; N/A                                     ; 282.81 MHz ( period = 3.536 ns )                    ; count[7]  ; count[11] ; clk_50MHz  ; clk_50MHz ; None                        ; None                      ; 3.322 ns                ;
; N/A                                     ; 282.81 MHz ( period = 3.536 ns )                    ; count[7]  ; count[7]  ; clk_50MHz  ; clk_50MHz ; None                        ; None                      ; 3.322 ns                ;
; N/A                                     ; 282.81 MHz ( period = 3.536 ns )                    ; count[7]  ; count[9]  ; clk_50MHz  ; clk_50MHz ; None                        ; None                      ; 3.322 ns                ;
; N/A                                     ; 282.81 MHz ( period = 3.536 ns )                    ; count[7]  ; count[8]  ; clk_50MHz  ; clk_50MHz ; None                        ; None                      ; 3.322 ns                ;
; N/A                                     ; 282.81 MHz ( period = 3.536 ns )                    ; count[7]  ; count[10] ; clk_50MHz  ; clk_50MHz ; None                        ; None                      ; 3.322 ns                ;
; N/A                                     ; 282.81 MHz ( period = 3.536 ns )                    ; count[7]  ; count[12] ; clk_50MHz  ; clk_50MHz ; None                        ; None                      ; 3.322 ns                ;
; N/A                                     ; 282.81 MHz ( period = 3.536 ns )                    ; count[7]  ; count[6]  ; clk_50MHz  ; clk_50MHz ; None                        ; None                      ; 3.322 ns                ;
; N/A                                     ; 282.81 MHz ( period = 3.536 ns )                    ; count[7]  ; count[5]  ; clk_50MHz  ; clk_50MHz ; None                        ; None                      ; 3.322 ns                ;
; N/A                                     ; 282.81 MHz ( period = 3.536 ns )                    ; count[7]  ; count[4]  ; clk_50MHz  ; clk_50MHz ; None                        ; None                      ; 3.322 ns                ;
; N/A                                     ; 282.81 MHz ( period = 3.536 ns )                    ; count[7]  ; count[3]  ; clk_50MHz  ; clk_50MHz ; None                        ; None                      ; 3.322 ns                ;
; N/A                                     ; 282.81 MHz ( period = 3.536 ns )                    ; count[7]  ; count[2]  ; clk_50MHz  ; clk_50MHz ; None                        ; None                      ; 3.322 ns                ;
; N/A                                     ; 282.81 MHz ( period = 3.536 ns )                    ; count[7]  ; count[1]  ; clk_50MHz  ; clk_50MHz ; None                        ; None                      ; 3.322 ns                ;
; N/A                                     ; 282.81 MHz ( period = 3.536 ns )                    ; count[7]  ; count[0]  ; clk_50MHz  ; clk_50MHz ; None                        ; None                      ; 3.322 ns                ;
; N/A                                     ; 285.71 MHz ( period = 3.500 ns )                    ; count[9]  ; count[11] ; clk_50MHz  ; clk_50MHz ; None                        ; None                      ; 3.286 ns                ;
; N/A                                     ; 285.71 MHz ( period = 3.500 ns )                    ; count[9]  ; count[7]  ; clk_50MHz  ; clk_50MHz ; None                        ; None                      ; 3.286 ns                ;
; N/A                                     ; 285.71 MHz ( period = 3.500 ns )                    ; count[9]  ; count[9]  ; clk_50MHz  ; clk_50MHz ; None                        ; None                      ; 3.286 ns                ;
; N/A                                     ; 285.71 MHz ( period = 3.500 ns )                    ; count[9]  ; count[8]  ; clk_50MHz  ; clk_50MHz ; None                        ; None                      ; 3.286 ns                ;
; N/A                                     ; 285.71 MHz ( period = 3.500 ns )                    ; count[9]  ; count[10] ; clk_50MHz  ; clk_50MHz ; None                        ; None                      ; 3.286 ns                ;
; N/A                                     ; 285.71 MHz ( period = 3.500 ns )                    ; count[9]  ; count[12] ; clk_50MHz  ; clk_50MHz ; None                        ; None                      ; 3.286 ns                ;
; N/A                                     ; 285.71 MHz ( period = 3.500 ns )                    ; count[9]  ; count[6]  ; clk_50MHz  ; clk_50MHz ; None                        ; None                      ; 3.286 ns                ;
; N/A                                     ; 285.71 MHz ( period = 3.500 ns )                    ; count[9]  ; count[5]  ; clk_50MHz  ; clk_50MHz ; None                        ; None                      ; 3.286 ns                ;
; N/A                                     ; 285.71 MHz ( period = 3.500 ns )                    ; count[9]  ; count[4]  ; clk_50MHz  ; clk_50MHz ; None                        ; None                      ; 3.286 ns                ;
; N/A                                     ; 285.71 MHz ( period = 3.500 ns )                    ; count[9]  ; count[3]  ; clk_50MHz  ; clk_50MHz ; None                        ; None                      ; 3.286 ns                ;
; N/A                                     ; 285.71 MHz ( period = 3.500 ns )                    ; count[9]  ; count[2]  ; clk_50MHz  ; clk_50MHz ; None                        ; None                      ; 3.286 ns                ;
; N/A                                     ; 285.71 MHz ( period = 3.500 ns )                    ; count[9]  ; count[1]  ; clk_50MHz  ; clk_50MHz ; None                        ; None                      ; 3.286 ns                ;
; N/A                                     ; 285.71 MHz ( period = 3.500 ns )                    ; count[9]  ; count[0]  ; clk_50MHz  ; clk_50MHz ; None                        ; None                      ; 3.286 ns                ;
; N/A                                     ; 288.35 MHz ( period = 3.468 ns )                    ; count[17] ; count[11] ; clk_50MHz  ; clk_50MHz ; None                        ; None                      ; 3.257 ns                ;
; N/A                                     ; 288.35 MHz ( period = 3.468 ns )                    ; count[17] ; count[7]  ; clk_50MHz  ; clk_50MHz ; None                        ; None                      ; 3.257 ns                ;
; N/A                                     ; 288.35 MHz ( period = 3.468 ns )                    ; count[17] ; count[9]  ; clk_50MHz  ; clk_50MHz ; None                        ; None                      ; 3.257 ns                ;
; N/A                                     ; 288.35 MHz ( period = 3.468 ns )                    ; count[17] ; count[8]  ; clk_50MHz  ; clk_50MHz ; None                        ; None                      ; 3.257 ns                ;
; N/A                                     ; 288.35 MHz ( period = 3.468 ns )                    ; count[17] ; count[10] ; clk_50MHz  ; clk_50MHz ; None                        ; None                      ; 3.257 ns                ;
; N/A                                     ; 288.35 MHz ( period = 3.468 ns )                    ; count[17] ; count[12] ; clk_50MHz  ; clk_50MHz ; None                        ; None                      ; 3.257 ns                ;
; N/A                                     ; 288.35 MHz ( period = 3.468 ns )                    ; count[17] ; count[6]  ; clk_50MHz  ; clk_50MHz ; None                        ; None                      ; 3.257 ns                ;
; N/A                                     ; 288.35 MHz ( period = 3.468 ns )                    ; count[17] ; count[5]  ; clk_50MHz  ; clk_50MHz ; None                        ; None                      ; 3.257 ns                ;
; N/A                                     ; 288.35 MHz ( period = 3.468 ns )                    ; count[17] ; count[4]  ; clk_50MHz  ; clk_50MHz ; None                        ; None                      ; 3.257 ns                ;
; N/A                                     ; 288.35 MHz ( period = 3.468 ns )                    ; count[17] ; count[3]  ; clk_50MHz  ; clk_50MHz ; None                        ; None                      ; 3.257 ns                ;
; N/A                                     ; 288.35 MHz ( period = 3.468 ns )                    ; count[17] ; count[2]  ; clk_50MHz  ; clk_50MHz ; None                        ; None                      ; 3.257 ns                ;
; N/A                                     ; 288.35 MHz ( period = 3.468 ns )                    ; count[17] ; count[1]  ; clk_50MHz  ; clk_50MHz ; None                        ; None                      ; 3.257 ns                ;
; N/A                                     ; 288.35 MHz ( period = 3.468 ns )                    ; count[17] ; count[0]  ; clk_50MHz  ; clk_50MHz ; None                        ; None                      ; 3.257 ns                ;
; N/A                                     ; 293.69 MHz ( period = 3.405 ns )                    ; count[0]  ; count[25] ; clk_50MHz  ; clk_50MHz ; None                        ; None                      ; 3.188 ns                ;
; N/A                                     ; 297.09 MHz ( period = 3.366 ns )                    ; count[24] ; count[11] ; clk_50MHz  ; clk_50MHz ; None                        ; None                      ; 3.155 ns                ;
; N/A                                     ; 297.09 MHz ( period = 3.366 ns )                    ; count[24] ; count[7]  ; clk_50MHz  ; clk_50MHz ; None                        ; None                      ; 3.155 ns                ;
; N/A                                     ; 297.09 MHz ( period = 3.366 ns )                    ; count[24] ; count[9]  ; clk_50MHz  ; clk_50MHz ; None                        ; None                      ; 3.155 ns                ;
; N/A                                     ; 297.09 MHz ( period = 3.366 ns )                    ; count[24] ; count[8]  ; clk_50MHz  ; clk_50MHz ; None                        ; None                      ; 3.155 ns                ;
; N/A                                     ; 297.09 MHz ( period = 3.366 ns )                    ; count[24] ; count[10] ; clk_50MHz  ; clk_50MHz ; None                        ; None                      ; 3.155 ns                ;
; N/A                                     ; 297.09 MHz ( period = 3.366 ns )                    ; count[24] ; count[12] ; clk_50MHz  ; clk_50MHz ; None                        ; None                      ; 3.155 ns                ;
; N/A                                     ; 297.09 MHz ( period = 3.366 ns )                    ; count[24] ; count[6]  ; clk_50MHz  ; clk_50MHz ; None                        ; None                      ; 3.155 ns                ;
; N/A                                     ; 297.09 MHz ( period = 3.366 ns )                    ; count[24] ; count[5]  ; clk_50MHz  ; clk_50MHz ; None                        ; None                      ; 3.155 ns                ;
; N/A                                     ; 297.09 MHz ( period = 3.366 ns )                    ; count[24] ; count[4]  ; clk_50MHz  ; clk_50MHz ; None                        ; None                      ; 3.155 ns                ;
; N/A                                     ; 297.09 MHz ( period = 3.366 ns )                    ; count[24] ; count[3]  ; clk_50MHz  ; clk_50MHz ; None                        ; None                      ; 3.155 ns                ;
; N/A                                     ; 297.09 MHz ( period = 3.366 ns )                    ; count[24] ; count[2]  ; clk_50MHz  ; clk_50MHz ; None                        ; None                      ; 3.155 ns                ;
; N/A                                     ; 297.09 MHz ( period = 3.366 ns )                    ; count[24] ; count[1]  ; clk_50MHz  ; clk_50MHz ; None                        ; None                      ; 3.155 ns                ;
; N/A                                     ; 297.09 MHz ( period = 3.366 ns )                    ; count[24] ; count[0]  ; clk_50MHz  ; clk_50MHz ; None                        ; None                      ; 3.155 ns                ;
; N/A                                     ; 298.06 MHz ( period = 3.355 ns )                    ; count[14] ; count[11] ; clk_50MHz  ; clk_50MHz ; None                        ; None                      ; 3.144 ns                ;
; N/A                                     ; 298.06 MHz ( period = 3.355 ns )                    ; count[14] ; count[7]  ; clk_50MHz  ; clk_50MHz ; None                        ; None                      ; 3.144 ns                ;
; N/A                                     ; 298.06 MHz ( period = 3.355 ns )                    ; count[14] ; count[9]  ; clk_50MHz  ; clk_50MHz ; None                        ; None                      ; 3.144 ns                ;
; N/A                                     ; 298.06 MHz ( period = 3.355 ns )                    ; count[14] ; count[8]  ; clk_50MHz  ; clk_50MHz ; None                        ; None                      ; 3.144 ns                ;
; N/A                                     ; 298.06 MHz ( period = 3.355 ns )                    ; count[14] ; count[10] ; clk_50MHz  ; clk_50MHz ; None                        ; None                      ; 3.144 ns                ;
; N/A                                     ; 298.06 MHz ( period = 3.355 ns )                    ; count[14] ; count[12] ; clk_50MHz  ; clk_50MHz ; None                        ; None                      ; 3.144 ns                ;
; N/A                                     ; 298.06 MHz ( period = 3.355 ns )                    ; count[14] ; count[6]  ; clk_50MHz  ; clk_50MHz ; None                        ; None                      ; 3.144 ns                ;
; N/A                                     ; 298.06 MHz ( period = 3.355 ns )                    ; count[14] ; count[5]  ; clk_50MHz  ; clk_50MHz ; None                        ; None                      ; 3.144 ns                ;
; N/A                                     ; 298.06 MHz ( period = 3.355 ns )                    ; count[14] ; count[4]  ; clk_50MHz  ; clk_50MHz ; None                        ; None                      ; 3.144 ns                ;
; N/A                                     ; 298.06 MHz ( period = 3.355 ns )                    ; count[14] ; count[3]  ; clk_50MHz  ; clk_50MHz ; None                        ; None                      ; 3.144 ns                ;
; N/A                                     ; 298.06 MHz ( period = 3.355 ns )                    ; count[14] ; count[2]  ; clk_50MHz  ; clk_50MHz ; None                        ; None                      ; 3.144 ns                ;
; N/A                                     ; 298.06 MHz ( period = 3.355 ns )                    ; count[14] ; count[1]  ; clk_50MHz  ; clk_50MHz ; None                        ; None                      ; 3.144 ns                ;
; N/A                                     ; 298.06 MHz ( period = 3.355 ns )                    ; count[14] ; count[0]  ; clk_50MHz  ; clk_50MHz ; None                        ; None                      ; 3.144 ns                ;
; N/A                                     ; 299.94 MHz ( period = 3.334 ns )                    ; count[0]  ; count[24] ; clk_50MHz  ; clk_50MHz ; None                        ; None                      ; 3.117 ns                ;
; N/A                                     ; 301.02 MHz ( period = 3.322 ns )                    ; count[8]  ; count[16] ; clk_50MHz  ; clk_50MHz ; None                        ; None                      ; 3.105 ns                ;
; N/A                                     ; 301.02 MHz ( period = 3.322 ns )                    ; count[8]  ; count[24] ; clk_50MHz  ; clk_50MHz ; None                        ; None                      ; 3.105 ns                ;
; N/A                                     ; 301.02 MHz ( period = 3.322 ns )                    ; count[8]  ; count[25] ; clk_50MHz  ; clk_50MHz ; None                        ; None                      ; 3.105 ns                ;
; N/A                                     ; 301.02 MHz ( period = 3.322 ns )                    ; count[8]  ; count[15] ; clk_50MHz  ; clk_50MHz ; None                        ; None                      ; 3.105 ns                ;
; N/A                                     ; 301.02 MHz ( period = 3.322 ns )                    ; count[8]  ; count[22] ; clk_50MHz  ; clk_50MHz ; None                        ; None                      ; 3.105 ns                ;
; N/A                                     ; 301.02 MHz ( period = 3.322 ns )                    ; count[8]  ; count[23] ; clk_50MHz  ; clk_50MHz ; None                        ; None                      ; 3.105 ns                ;
; N/A                                     ; 301.02 MHz ( period = 3.322 ns )                    ; count[8]  ; count[21] ; clk_50MHz  ; clk_50MHz ; None                        ; None                      ; 3.105 ns                ;
; N/A                                     ; 301.02 MHz ( period = 3.322 ns )                    ; count[8]  ; count[14] ; clk_50MHz  ; clk_50MHz ; None                        ; None                      ; 3.105 ns                ;
; N/A                                     ; 301.02 MHz ( period = 3.322 ns )                    ; count[8]  ; count[17] ; clk_50MHz  ; clk_50MHz ; None                        ; None                      ; 3.105 ns                ;
; N/A                                     ; 301.02 MHz ( period = 3.322 ns )                    ; count[8]  ; count[18] ; clk_50MHz  ; clk_50MHz ; None                        ; None                      ; 3.105 ns                ;
; N/A                                     ; 301.02 MHz ( period = 3.322 ns )                    ; count[8]  ; count[20] ; clk_50MHz  ; clk_50MHz ; None                        ; None                      ; 3.105 ns                ;
; N/A                                     ; 301.02 MHz ( period = 3.322 ns )                    ; count[8]  ; count[19] ; clk_50MHz  ; clk_50MHz ; None                        ; None                      ; 3.105 ns                ;
; N/A                                     ; 301.02 MHz ( period = 3.322 ns )                    ; count[8]  ; count[13] ; clk_50MHz  ; clk_50MHz ; None                        ; None                      ; 3.105 ns                ;
; N/A                                     ; 302.30 MHz ( period = 3.308 ns )                    ; count[16] ; count[11] ; clk_50MHz  ; clk_50MHz ; None                        ; None                      ; 3.097 ns                ;
; N/A                                     ; 302.30 MHz ( period = 3.308 ns )                    ; count[16] ; count[7]  ; clk_50MHz  ; clk_50MHz ; None                        ; None                      ; 3.097 ns                ;
; N/A                                     ; 302.30 MHz ( period = 3.308 ns )                    ; count[16] ; count[9]  ; clk_50MHz  ; clk_50MHz ; None                        ; None                      ; 3.097 ns                ;
; N/A                                     ; 302.30 MHz ( period = 3.308 ns )                    ; count[16] ; count[8]  ; clk_50MHz  ; clk_50MHz ; None                        ; None                      ; 3.097 ns                ;
; N/A                                     ; 302.30 MHz ( period = 3.308 ns )                    ; count[16] ; count[10] ; clk_50MHz  ; clk_50MHz ; None                        ; None                      ; 3.097 ns                ;
; N/A                                     ; 302.30 MHz ( period = 3.308 ns )                    ; count[16] ; count[12] ; clk_50MHz  ; clk_50MHz ; None                        ; None                      ; 3.097 ns                ;
; N/A                                     ; 302.30 MHz ( period = 3.308 ns )                    ; count[16] ; count[6]  ; clk_50MHz  ; clk_50MHz ; None                        ; None                      ; 3.097 ns                ;
; N/A                                     ; 302.30 MHz ( period = 3.308 ns )                    ; count[16] ; count[5]  ; clk_50MHz  ; clk_50MHz ; None                        ; None                      ; 3.097 ns                ;
; N/A                                     ; 302.30 MHz ( period = 3.308 ns )                    ; count[16] ; count[4]  ; clk_50MHz  ; clk_50MHz ; None                        ; None                      ; 3.097 ns                ;
; N/A                                     ; 302.30 MHz ( period = 3.308 ns )                    ; count[16] ; count[3]  ; clk_50MHz  ; clk_50MHz ; None                        ; None                      ; 3.097 ns                ;
; N/A                                     ; 302.30 MHz ( period = 3.308 ns )                    ; count[16] ; count[2]  ; clk_50MHz  ; clk_50MHz ; None                        ; None                      ; 3.097 ns                ;
; N/A                                     ; 302.30 MHz ( period = 3.308 ns )                    ; count[16] ; count[1]  ; clk_50MHz  ; clk_50MHz ; None                        ; None                      ; 3.097 ns                ;
; N/A                                     ; 302.30 MHz ( period = 3.308 ns )                    ; count[16] ; count[0]  ; clk_50MHz  ; clk_50MHz ; None                        ; None                      ; 3.097 ns                ;
; N/A                                     ; 303.49 MHz ( period = 3.295 ns )                    ; count[1]  ; count[25] ; clk_50MHz  ; clk_50MHz ; None                        ; None                      ; 3.078 ns                ;
; N/A                                     ; 305.62 MHz ( period = 3.272 ns )                    ; count[10] ; count[11] ; clk_50MHz  ; clk_50MHz ; None                        ; None                      ; 3.058 ns                ;
; N/A                                     ; 305.62 MHz ( period = 3.272 ns )                    ; count[10] ; count[7]  ; clk_50MHz  ; clk_50MHz ; None                        ; None                      ; 3.058 ns                ;
; N/A                                     ; 305.62 MHz ( period = 3.272 ns )                    ; count[10] ; count[9]  ; clk_50MHz  ; clk_50MHz ; None                        ; None                      ; 3.058 ns                ;
; N/A                                     ; 305.62 MHz ( period = 3.272 ns )                    ; count[10] ; count[8]  ; clk_50MHz  ; clk_50MHz ; None                        ; None                      ; 3.058 ns                ;
; N/A                                     ; 305.62 MHz ( period = 3.272 ns )                    ; count[10] ; count[10] ; clk_50MHz  ; clk_50MHz ; None                        ; None                      ; 3.058 ns                ;
; N/A                                     ; 305.62 MHz ( period = 3.272 ns )                    ; count[10] ; count[12] ; clk_50MHz  ; clk_50MHz ; None                        ; None                      ; 3.058 ns                ;
; N/A                                     ; 305.62 MHz ( period = 3.272 ns )                    ; count[10] ; count[6]  ; clk_50MHz  ; clk_50MHz ; None                        ; None                      ; 3.058 ns                ;
; N/A                                     ; 305.62 MHz ( period = 3.272 ns )                    ; count[10] ; count[5]  ; clk_50MHz  ; clk_50MHz ; None                        ; None                      ; 3.058 ns                ;
; N/A                                     ; 305.62 MHz ( period = 3.272 ns )                    ; count[10] ; count[4]  ; clk_50MHz  ; clk_50MHz ; None                        ; None                      ; 3.058 ns                ;
; N/A                                     ; 305.62 MHz ( period = 3.272 ns )                    ; count[10] ; count[3]  ; clk_50MHz  ; clk_50MHz ; None                        ; None                      ; 3.058 ns                ;
; N/A                                     ; 305.62 MHz ( period = 3.272 ns )                    ; count[10] ; count[2]  ; clk_50MHz  ; clk_50MHz ; None                        ; None                      ; 3.058 ns                ;
; N/A                                     ; 305.62 MHz ( period = 3.272 ns )                    ; count[10] ; count[1]  ; clk_50MHz  ; clk_50MHz ; None                        ; None                      ; 3.058 ns                ;
; N/A                                     ; 305.62 MHz ( period = 3.272 ns )                    ; count[10] ; count[0]  ; clk_50MHz  ; clk_50MHz ; None                        ; None                      ; 3.058 ns                ;
; N/A                                     ; 305.90 MHz ( period = 3.269 ns )                    ; count[18] ; count[11] ; clk_50MHz  ; clk_50MHz ; None                        ; None                      ; 3.058 ns                ;
; N/A                                     ; 305.90 MHz ( period = 3.269 ns )                    ; count[18] ; count[7]  ; clk_50MHz  ; clk_50MHz ; None                        ; None                      ; 3.058 ns                ;
; N/A                                     ; 305.90 MHz ( period = 3.269 ns )                    ; count[18] ; count[9]  ; clk_50MHz  ; clk_50MHz ; None                        ; None                      ; 3.058 ns                ;
; N/A                                     ; 305.90 MHz ( period = 3.269 ns )                    ; count[18] ; count[8]  ; clk_50MHz  ; clk_50MHz ; None                        ; None                      ; 3.058 ns                ;
; N/A                                     ; 305.90 MHz ( period = 3.269 ns )                    ; count[18] ; count[10] ; clk_50MHz  ; clk_50MHz ; None                        ; None                      ; 3.058 ns                ;
; N/A                                     ; 305.90 MHz ( period = 3.269 ns )                    ; count[18] ; count[12] ; clk_50MHz  ; clk_50MHz ; None                        ; None                      ; 3.058 ns                ;
; N/A                                     ; 305.90 MHz ( period = 3.269 ns )                    ; count[18] ; count[6]  ; clk_50MHz  ; clk_50MHz ; None                        ; None                      ; 3.058 ns                ;
; N/A                                     ; 305.90 MHz ( period = 3.269 ns )                    ; count[18] ; count[5]  ; clk_50MHz  ; clk_50MHz ; None                        ; None                      ; 3.058 ns                ;
; N/A                                     ; 305.90 MHz ( period = 3.269 ns )                    ; count[18] ; count[4]  ; clk_50MHz  ; clk_50MHz ; None                        ; None                      ; 3.058 ns                ;
; N/A                                     ; 305.90 MHz ( period = 3.269 ns )                    ; count[18] ; count[3]  ; clk_50MHz  ; clk_50MHz ; None                        ; None                      ; 3.058 ns                ;
; N/A                                     ; 305.90 MHz ( period = 3.269 ns )                    ; count[18] ; count[2]  ; clk_50MHz  ; clk_50MHz ; None                        ; None                      ; 3.058 ns                ;
; N/A                                     ; 305.90 MHz ( period = 3.269 ns )                    ; count[18] ; count[1]  ; clk_50MHz  ; clk_50MHz ; None                        ; None                      ; 3.058 ns                ;
; N/A                                     ; 305.90 MHz ( period = 3.269 ns )                    ; count[18] ; count[0]  ; clk_50MHz  ; clk_50MHz ; None                        ; None                      ; 3.058 ns                ;
; N/A                                     ; 306.09 MHz ( period = 3.267 ns )                    ; count[7]  ; count[16] ; clk_50MHz  ; clk_50MHz ; None                        ; None                      ; 3.050 ns                ;
; N/A                                     ; 306.09 MHz ( period = 3.267 ns )                    ; count[7]  ; count[24] ; clk_50MHz  ; clk_50MHz ; None                        ; None                      ; 3.050 ns                ;
; N/A                                     ; 306.09 MHz ( period = 3.267 ns )                    ; count[7]  ; count[25] ; clk_50MHz  ; clk_50MHz ; None                        ; None                      ; 3.050 ns                ;
; N/A                                     ; 306.09 MHz ( period = 3.267 ns )                    ; count[7]  ; count[15] ; clk_50MHz  ; clk_50MHz ; None                        ; None                      ; 3.050 ns                ;
; N/A                                     ; 306.09 MHz ( period = 3.267 ns )                    ; count[7]  ; count[22] ; clk_50MHz  ; clk_50MHz ; None                        ; None                      ; 3.050 ns                ;
; N/A                                     ; 306.09 MHz ( period = 3.267 ns )                    ; count[7]  ; count[23] ; clk_50MHz  ; clk_50MHz ; None                        ; None                      ; 3.050 ns                ;
; N/A                                     ; 306.09 MHz ( period = 3.267 ns )                    ; count[7]  ; count[21] ; clk_50MHz  ; clk_50MHz ; None                        ; None                      ; 3.050 ns                ;
; N/A                                     ; 306.09 MHz ( period = 3.267 ns )                    ; count[7]  ; count[14] ; clk_50MHz  ; clk_50MHz ; None                        ; None                      ; 3.050 ns                ;
; N/A                                     ; 306.09 MHz ( period = 3.267 ns )                    ; count[7]  ; count[17] ; clk_50MHz  ; clk_50MHz ; None                        ; None                      ; 3.050 ns                ;
; N/A                                     ; 306.09 MHz ( period = 3.267 ns )                    ; count[7]  ; count[18] ; clk_50MHz  ; clk_50MHz ; None                        ; None                      ; 3.050 ns                ;
; N/A                                     ; 306.09 MHz ( period = 3.267 ns )                    ; count[7]  ; count[20] ; clk_50MHz  ; clk_50MHz ; None                        ; None                      ; 3.050 ns                ;
; N/A                                     ; 306.09 MHz ( period = 3.267 ns )                    ; count[7]  ; count[19] ; clk_50MHz  ; clk_50MHz ; None                        ; None                      ; 3.050 ns                ;
; N/A                                     ; 306.09 MHz ( period = 3.267 ns )                    ; count[7]  ; count[13] ; clk_50MHz  ; clk_50MHz ; None                        ; None                      ; 3.050 ns                ;
; N/A                                     ; 306.37 MHz ( period = 3.264 ns )                    ; count[2]  ; count[25] ; clk_50MHz  ; clk_50MHz ; None                        ; None                      ; 3.047 ns                ;
; N/A                                     ; 306.47 MHz ( period = 3.263 ns )                    ; count[0]  ; count[23] ; clk_50MHz  ; clk_50MHz ; None                        ; None                      ; 3.046 ns                ;
; N/A                                     ; 309.50 MHz ( period = 3.231 ns )                    ; count[9]  ; count[16] ; clk_50MHz  ; clk_50MHz ; None                        ; None                      ; 3.014 ns                ;
; N/A                                     ; 309.50 MHz ( period = 3.231 ns )                    ; count[9]  ; count[24] ; clk_50MHz  ; clk_50MHz ; None                        ; None                      ; 3.014 ns                ;
; N/A                                     ; 309.50 MHz ( period = 3.231 ns )                    ; count[9]  ; count[25] ; clk_50MHz  ; clk_50MHz ; None                        ; None                      ; 3.014 ns                ;
; N/A                                     ; 309.50 MHz ( period = 3.231 ns )                    ; count[9]  ; count[15] ; clk_50MHz  ; clk_50MHz ; None                        ; None                      ; 3.014 ns                ;
; N/A                                     ; 309.50 MHz ( period = 3.231 ns )                    ; count[9]  ; count[22] ; clk_50MHz  ; clk_50MHz ; None                        ; None                      ; 3.014 ns                ;
; N/A                                     ; 309.50 MHz ( period = 3.231 ns )                    ; count[9]  ; count[23] ; clk_50MHz  ; clk_50MHz ; None                        ; None                      ; 3.014 ns                ;
; N/A                                     ; 309.50 MHz ( period = 3.231 ns )                    ; count[9]  ; count[21] ; clk_50MHz  ; clk_50MHz ; None                        ; None                      ; 3.014 ns                ;
; N/A                                     ; 309.50 MHz ( period = 3.231 ns )                    ; count[9]  ; count[14] ; clk_50MHz  ; clk_50MHz ; None                        ; None                      ; 3.014 ns                ;
; N/A                                     ; 309.50 MHz ( period = 3.231 ns )                    ; count[9]  ; count[17] ; clk_50MHz  ; clk_50MHz ; None                        ; None                      ; 3.014 ns                ;
; N/A                                     ; 309.50 MHz ( period = 3.231 ns )                    ; count[9]  ; count[18] ; clk_50MHz  ; clk_50MHz ; None                        ; None                      ; 3.014 ns                ;
; N/A                                     ; 309.50 MHz ( period = 3.231 ns )                    ; count[9]  ; count[20] ; clk_50MHz  ; clk_50MHz ; None                        ; None                      ; 3.014 ns                ;
; N/A                                     ; 309.50 MHz ( period = 3.231 ns )                    ; count[9]  ; count[19] ; clk_50MHz  ; clk_50MHz ; None                        ; None                      ; 3.014 ns                ;
; N/A                                     ; 309.50 MHz ( period = 3.231 ns )                    ; count[9]  ; count[13] ; clk_50MHz  ; clk_50MHz ; None                        ; None                      ; 3.014 ns                ;
; N/A                                     ; 310.17 MHz ( period = 3.224 ns )                    ; count[1]  ; count[24] ; clk_50MHz  ; clk_50MHz ; None                        ; None                      ; 3.007 ns                ;
; N/A                                     ; 312.60 MHz ( period = 3.199 ns )                    ; count[17] ; count[16] ; clk_50MHz  ; clk_50MHz ; None                        ; None                      ; 2.985 ns                ;
; N/A                                     ; 312.60 MHz ( period = 3.199 ns )                    ; count[17] ; count[24] ; clk_50MHz  ; clk_50MHz ; None                        ; None                      ; 2.985 ns                ;
; N/A                                     ; 312.60 MHz ( period = 3.199 ns )                    ; count[17] ; count[25] ; clk_50MHz  ; clk_50MHz ; None                        ; None                      ; 2.985 ns                ;
; N/A                                     ; 312.60 MHz ( period = 3.199 ns )                    ; count[17] ; count[15] ; clk_50MHz  ; clk_50MHz ; None                        ; None                      ; 2.985 ns                ;
; N/A                                     ; 312.60 MHz ( period = 3.199 ns )                    ; count[17] ; count[22] ; clk_50MHz  ; clk_50MHz ; None                        ; None                      ; 2.985 ns                ;
; N/A                                     ; 312.60 MHz ( period = 3.199 ns )                    ; count[17] ; count[23] ; clk_50MHz  ; clk_50MHz ; None                        ; None                      ; 2.985 ns                ;
; N/A                                     ; 312.60 MHz ( period = 3.199 ns )                    ; count[17] ; count[21] ; clk_50MHz  ; clk_50MHz ; None                        ; None                      ; 2.985 ns                ;
; N/A                                     ; 312.60 MHz ( period = 3.199 ns )                    ; count[17] ; count[14] ; clk_50MHz  ; clk_50MHz ; None                        ; None                      ; 2.985 ns                ;
; N/A                                     ; 312.60 MHz ( period = 3.199 ns )                    ; count[17] ; count[17] ; clk_50MHz  ; clk_50MHz ; None                        ; None                      ; 2.985 ns                ;
; N/A                                     ; 312.60 MHz ( period = 3.199 ns )                    ; count[17] ; count[18] ; clk_50MHz  ; clk_50MHz ; None                        ; None                      ; 2.985 ns                ;
; N/A                                     ; 312.60 MHz ( period = 3.199 ns )                    ; count[17] ; count[20] ; clk_50MHz  ; clk_50MHz ; None                        ; None                      ; 2.985 ns                ;
; N/A                                     ; 312.60 MHz ( period = 3.199 ns )                    ; count[17] ; count[19] ; clk_50MHz  ; clk_50MHz ; None                        ; None                      ; 2.985 ns                ;
; N/A                                     ; 312.60 MHz ( period = 3.199 ns )                    ; count[17] ; count[13] ; clk_50MHz  ; clk_50MHz ; None                        ; None                      ; 2.985 ns                ;
; N/A                                     ; 313.19 MHz ( period = 3.193 ns )                    ; count[2]  ; count[24] ; clk_50MHz  ; clk_50MHz ; None                        ; None                      ; 2.976 ns                ;
; N/A                                     ; 313.19 MHz ( period = 3.193 ns )                    ; count[3]  ; count[25] ; clk_50MHz  ; clk_50MHz ; None                        ; None                      ; 2.976 ns                ;
; N/A                                     ; 313.28 MHz ( period = 3.192 ns )                    ; count[0]  ; count[22] ; clk_50MHz  ; clk_50MHz ; None                        ; None                      ; 2.975 ns                ;
; N/A                                     ; 313.77 MHz ( period = 3.187 ns )                    ; count[11] ; count[11] ; clk_50MHz  ; clk_50MHz ; None                        ; None                      ; 2.973 ns                ;
; N/A                                     ; 313.77 MHz ( period = 3.187 ns )                    ; count[11] ; count[7]  ; clk_50MHz  ; clk_50MHz ; None                        ; None                      ; 2.973 ns                ;
; N/A                                     ; 313.77 MHz ( period = 3.187 ns )                    ; count[11] ; count[9]  ; clk_50MHz  ; clk_50MHz ; None                        ; None                      ; 2.973 ns                ;
; N/A                                     ; 313.77 MHz ( period = 3.187 ns )                    ; count[11] ; count[8]  ; clk_50MHz  ; clk_50MHz ; None                        ; None                      ; 2.973 ns                ;
; N/A                                     ; 313.77 MHz ( period = 3.187 ns )                    ; count[11] ; count[10] ; clk_50MHz  ; clk_50MHz ; None                        ; None                      ; 2.973 ns                ;
; N/A                                     ; 313.77 MHz ( period = 3.187 ns )                    ; count[11] ; count[12] ; clk_50MHz  ; clk_50MHz ; None                        ; None                      ; 2.973 ns                ;
; N/A                                     ; 313.77 MHz ( period = 3.187 ns )                    ; count[11] ; count[6]  ; clk_50MHz  ; clk_50MHz ; None                        ; None                      ; 2.973 ns                ;
; N/A                                     ; 313.77 MHz ( period = 3.187 ns )                    ; count[11] ; count[5]  ; clk_50MHz  ; clk_50MHz ; None                        ; None                      ; 2.973 ns                ;
; N/A                                     ; 313.77 MHz ( period = 3.187 ns )                    ; count[11] ; count[4]  ; clk_50MHz  ; clk_50MHz ; None                        ; None                      ; 2.973 ns                ;
; N/A                                     ; 313.77 MHz ( period = 3.187 ns )                    ; count[11] ; count[3]  ; clk_50MHz  ; clk_50MHz ; None                        ; None                      ; 2.973 ns                ;
; N/A                                     ; 313.77 MHz ( period = 3.187 ns )                    ; count[11] ; count[2]  ; clk_50MHz  ; clk_50MHz ; None                        ; None                      ; 2.973 ns                ;
; N/A                                     ; 313.77 MHz ( period = 3.187 ns )                    ; count[11] ; count[1]  ; clk_50MHz  ; clk_50MHz ; None                        ; None                      ; 2.973 ns                ;
; N/A                                     ; 313.77 MHz ( period = 3.187 ns )                    ; count[11] ; count[0]  ; clk_50MHz  ; clk_50MHz ; None                        ; None                      ; 2.973 ns                ;
; N/A                                     ; 314.96 MHz ( period = 3.175 ns )                    ; count[15] ; count[8]  ; clk_50MHz  ; clk_50MHz ; None                        ; None                      ; 2.964 ns                ;
; N/A                                     ; 314.96 MHz ( period = 3.175 ns )                    ; count[15] ; count[10] ; clk_50MHz  ; clk_50MHz ; None                        ; None                      ; 2.964 ns                ;
; N/A                                     ; 314.96 MHz ( period = 3.175 ns )                    ; count[15] ; count[12] ; clk_50MHz  ; clk_50MHz ; None                        ; None                      ; 2.964 ns                ;
; N/A                                     ; 314.96 MHz ( period = 3.175 ns )                    ; count[15] ; count[6]  ; clk_50MHz  ; clk_50MHz ; None                        ; None                      ; 2.964 ns                ;
; N/A                                     ; 314.96 MHz ( period = 3.175 ns )                    ; count[15] ; count[5]  ; clk_50MHz  ; clk_50MHz ; None                        ; None                      ; 2.964 ns                ;
; N/A                                     ; 314.96 MHz ( period = 3.175 ns )                    ; count[15] ; count[4]  ; clk_50MHz  ; clk_50MHz ; None                        ; None                      ; 2.964 ns                ;
; N/A                                     ; 314.96 MHz ( period = 3.175 ns )                    ; count[15] ; count[3]  ; clk_50MHz  ; clk_50MHz ; None                        ; None                      ; 2.964 ns                ;
; N/A                                     ; 314.96 MHz ( period = 3.175 ns )                    ; count[15] ; count[2]  ; clk_50MHz  ; clk_50MHz ; None                        ; None                      ; 2.964 ns                ;
; N/A                                     ; 314.96 MHz ( period = 3.175 ns )                    ; count[15] ; count[1]  ; clk_50MHz  ; clk_50MHz ; None                        ; None                      ; 2.964 ns                ;
; Timing analysis restricted to 200 rows. ; To change the limit use Settings (Assignments menu) ;           ;           ;            ;           ;                             ;                           ;                         ;
+-----------------------------------------+-----------------------------------------------------+-----------+-----------+------------+-----------+-----------------------------+---------------------------+-------------------------+


+----------------------------------------------------------------------------+
; tco                                                                        ;
+-------+--------------+------------+-----------------+---------+------------+
; Slack ; Required tco ; Actual tco ; From            ; To      ; From Clock ;
+-------+--------------+------------+-----------------+---------+------------+
; N/A   ; None         ; 6.079 ns   ; clk_1Hz_interne ; clk_1Hz ; clk_50MHz  ;
+-------+--------------+------------+-----------------+---------+------------+


+--------------------------+
; Timing Analyzer Messages ;
+--------------------------+
Info: *******************************************************************
Info: Running Quartus II Classic Timing Analyzer
    Info: Version 9.1 Build 350 03/24/2010 Service Pack 2 SJ Web Edition
    Info: Processing started: Wed Sep 08 00:34:55 2021
Info: Command: quartus_tan --read_settings_files=off --write_settings_files=off compteur_q9 -c compteur_q9 --timing_analysis_only
Warning: Found pins functioning as undefined clocks and/or memory enables
    Info: Assuming node "clk_50MHz" is an undefined clock
Info: Clock "clk_50MHz" has Internal fmax of 278.47 MHz between source register "count[8]" and destination register "count[11]" (period= 3.591 ns)
    Info: + Longest register to register delay is 3.377 ns
        Info: 1: + IC(0.000 ns) + CELL(0.000 ns) = 0.000 ns; Loc. = LCFF_X2_Y33_N23; Fanout = 3; REG Node = 'count[8]'
        Info: 2: + IC(0.976 ns) + CELL(0.275 ns) = 1.251 ns; Loc. = LCCOMB_X1_Y32_N14; Fanout = 1; COMB Node = 'LessThan0~2'
        Info: 3: + IC(0.248 ns) + CELL(0.275 ns) = 1.774 ns; Loc. = LCCOMB_X1_Y32_N0; Fanout = 1; COMB Node = 'LessThan0~3'
        Info: 4: + IC(0.241 ns) + CELL(0.150 ns) = 2.165 ns; Loc. = LCCOMB_X1_Y32_N22; Fanout = 27; COMB Node = 'LessThan0~6'
        Info: 5: + IC(0.702 ns) + CELL(0.510 ns) = 3.377 ns; Loc. = LCFF_X2_Y33_N29; Fanout = 3; REG Node = 'count[11]'
        Info: Total cell delay = 1.210 ns ( 35.83 % )
        Info: Total interconnect delay = 2.167 ns ( 64.17 % )
    Info: - Smallest clock skew is 0.000 ns
        Info: + Shortest clock path from clock "clk_50MHz" to destination register is 2.677 ns
            Info: 1: + IC(0.000 ns) + CELL(0.999 ns) = 0.999 ns; Loc. = PIN_P2; Fanout = 1; CLK Node = 'clk_50MHz'
            Info: 2: + IC(0.118 ns) + CELL(0.000 ns) = 1.117 ns; Loc. = CLKCTRL_G3; Fanout = 27; COMB Node = 'clk_50MHz~clkctrl'
            Info: 3: + IC(1.023 ns) + CELL(0.537 ns) = 2.677 ns; Loc. = LCFF_X2_Y33_N29; Fanout = 3; REG Node = 'count[11]'
            Info: Total cell delay = 1.536 ns ( 57.38 % )
            Info: Total interconnect delay = 1.141 ns ( 42.62 % )
        Info: - Longest clock path from clock "clk_50MHz" to source register is 2.677 ns
            Info: 1: + IC(0.000 ns) + CELL(0.999 ns) = 0.999 ns; Loc. = PIN_P2; Fanout = 1; CLK Node = 'clk_50MHz'
            Info: 2: + IC(0.118 ns) + CELL(0.000 ns) = 1.117 ns; Loc. = CLKCTRL_G3; Fanout = 27; COMB Node = 'clk_50MHz~clkctrl'
            Info: 3: + IC(1.023 ns) + CELL(0.537 ns) = 2.677 ns; Loc. = LCFF_X2_Y33_N23; Fanout = 3; REG Node = 'count[8]'
            Info: Total cell delay = 1.536 ns ( 57.38 % )
            Info: Total interconnect delay = 1.141 ns ( 42.62 % )
    Info: + Micro clock to output delay of source is 0.250 ns
    Info: + Micro setup delay of destination is -0.036 ns
Info: tco from clock "clk_50MHz" to destination pin "clk_1Hz" through register "clk_1Hz_interne" is 6.079 ns
    Info: + Longest clock path from clock "clk_50MHz" to source register is 2.670 ns
        Info: 1: + IC(0.000 ns) + CELL(0.999 ns) = 0.999 ns; Loc. = PIN_P2; Fanout = 1; CLK Node = 'clk_50MHz'
        Info: 2: + IC(0.118 ns) + CELL(0.000 ns) = 1.117 ns; Loc. = CLKCTRL_G3; Fanout = 27; COMB Node = 'clk_50MHz~clkctrl'
        Info: 3: + IC(1.016 ns) + CELL(0.537 ns) = 2.670 ns; Loc. = LCFF_X1_Y32_N17; Fanout = 2; REG Node = 'clk_1Hz_interne'
        Info: Total cell delay = 1.536 ns ( 57.53 % )
        Info: Total interconnect delay = 1.134 ns ( 42.47 % )
    Info: + Micro clock to output delay of source is 0.250 ns
    Info: + Longest register to pin delay is 3.159 ns
        Info: 1: + IC(0.000 ns) + CELL(0.000 ns) = 0.000 ns; Loc. = LCFF_X1_Y32_N17; Fanout = 2; REG Node = 'clk_1Hz_interne'
        Info: 2: + IC(0.517 ns) + CELL(2.642 ns) = 3.159 ns; Loc. = PIN_F4; Fanout = 0; PIN Node = 'clk_1Hz'
        Info: Total cell delay = 2.642 ns ( 83.63 % )
        Info: Total interconnect delay = 0.517 ns ( 16.37 % )
Info: Quartus II Classic Timing Analyzer was successful. 0 errors, 1 warning
    Info: Peak virtual memory: 188 megabytes
    Info: Processing ended: Wed Sep 08 00:34:56 2021
    Info: Elapsed time: 00:00:01
    Info: Total CPU time (on all processors): 00:00:01


